# JRE version: OpenJDK Runtime Environment (17.0.6) (build 17.0.6+0-b2043.56-10027231)
# Java VM: OpenJDK 64-Bit Server VM (17.0.6+0-b2043.56-10027231, mixed mode, tiered, compressed oops, compressed class ptrs, g1 gc, windows-amd64)
GC Precious Log:
 CPUs: 2 total, 2 available
 Memory: 3737M
 Large Page Support: Disabled
 NUMA Support: Disabled
 Compressed Oops: Enabled (32-bit)
 Heap Region Size: 1M
 Heap Min Capacity: 8M
 Heap Initial Capacity: 60M
 Heap Max Capacity: 2G
 Pre-touch: Disabled
 Parallel Workers: 2
 Concurrent Workers: 1
 Concurrent Refinement Workers: 2
 Periodic GC: Disabled
Heap:
 garbage-first heap   total 504832K, used 392775K [0x0000000080000000, 0x0000000100000000)
  region size 1024K, 3 young (3072K), 3 survivors (3072K)
 Metaspace       used 155879K, committed 158208K, reserved 1187840K
  class space    used 20561K, committed 21696K, reserved 1048576K
GC Heap History (20 events):
Event: 2874.165 GC heap after
{Heap after GC invocations=136 (full 0):
 garbage-first heap   total 504832K, used 363273K [0x0000000080000000, 0x0000000100000000)
  region size 1024K, 4 young (4096K), 4 survivors (4096K)
 Metaspace       used 155300K, committed 157504K, reserved 1187840K
  class space    used 20516K, committed 21568K, reserved 1048576K
}
Event: 2892.025 GC heap before
{Heap before GC invocations=136 (full 0):
 garbage-first heap   total 504832K, used 429833K [0x0000000080000000, 0x0000000100000000)
  region size 1024K, 50 young (51200K), 4 survivors (4096K)
 Metaspace       used 155508K, committed 157824K, reserved 1187840K
  class space    used 20549K, committed 21632K, reserved 1048576K
}
Event: 2892.101 GC heap after
{Heap after GC invocations=137 (full 0):
 garbage-first heap   total 504832K, used 365568K [0x0000000080000000, 0x0000000100000000)
  region size 1024K, 2 young (2048K), 2 survivors (2048K)
 Metaspace       used 155508K, committed 157824K, reserved 1187840K
  class space    used 20549K, committed 21632K, reserved 1048576K
}
Event: 2994.557 GC heap before
{Heap before GC invocations=137 (full 0):
 garbage-first heap   total 504832K, used 436224K [0x0000000080000000, 0x0000000100000000)
  region size 1024K, 72 young (73728K), 2 survivors (2048K)
 Metaspace       used 155601K, committed 157888K, reserved 1187840K
  class space    used 20551K, committed 21632K, reserved 1048576K
}
Event: 2995.131 GC heap after
{Heap after GC invocations=138 (full 0):
 garbage-first heap   total 504832K, used 372131K [0x0000000080000000, 0x0000000100000000)
  region size 1024K, 9 young (9216K), 9 survivors (9216K)
 Metaspace       used 155601K, committed 157888K, reserved 1187840K
  class space    used 20551K, committed 21632K, reserved 1048576K
}
Event: 2996.563 GC heap before
{Heap before GC invocations=138 (full 0):
 garbage-first heap   total 504832K, used 387491K [0x0000000080000000, 0x0000000100000000)
  region size 1024K, 24 young (24576K), 9 survivors (9216K)
 Metaspace       used 155601K, committed 157888K, reserved 1187840K
  class space    used 20551K, committed 21632K, reserved 1048576K
}
Event: 2996.818 GC heap after
{Heap after GC invocations=139 (full 0):
 garbage-first heap   total 504832K, used 374729K [0x0000000080000000, 0x0000000100000000)
  region size 1024K, 3 young (3072K), 3 survivors (3072K)
 Metaspace       used 155601K, committed 157888K, reserved 1187840K
  class space    used 20551K, committed 21632K, reserved 1048576K
}
Event: 3009.915 GC heap before
{Heap before GC invocations=139 (full 0):
 garbage-first heap   total 504832K, used 402377K [0x0000000080000000, 0x0000000100000000)
  region size 1024K, 31 young (31744K), 3 survivors (3072K)
 Metaspace       used 155622K, committed 157888K, reserved 1187840K
  class space    used 20551K, committed 21632K, reserved 1048576K
}
Event: 3009.943 GC heap after
{Heap after GC invocations=140 (full 0):
 garbage-first heap   total 504832K, used 375535K [0x0000000080000000, 0x0000000100000000)
  region size 1024K, 4 young (4096K), 4 survivors (4096K)
 Metaspace       used 155622K, committed 157888K, reserved 1187840K
  class space    used 20551K, committed 21632K, reserved 1048576K
}
Event: 3090.052 GC heap before
{Heap before GC invocations=140 (full 0):
 garbage-first heap   total 504832K, used 435951K [0x0000000080000000, 0x0000000100000000)
  region size 1024K, 44 young (45056K), 4 survivors (4096K)
 Metaspace       used 155731K, committed 158016K, reserved 1187840K
  class space    used 20560K, committed 21696K, reserved 1048576K
}
Event: 3090.085 GC heap after
{Heap after GC invocations=141 (full 0):
 garbage-first heap   total 504832K, used 376606K [0x0000000080000000, 0x0000000100000000)
  region size 1024K, 3 young (3072K), 3 survivors (3072K)
 Metaspace       used 155731K, committed 158016K, reserved 1187840K
  class space    used 20560K, committed 21696K, reserved 1048576K
}
Event: 3091.606 GC heap before
{Heap before GC invocations=141 (full 0):
 garbage-first heap   total 504832K, used 435998K [0x0000000080000000, 0x0000000100000000)
  region size 1024K, 62 young (63488K), 3 survivors (3072K)
 Metaspace       used 155806K, committed 158144K, reserved 1187840K
  class space    used 20560K, committed 21696K, reserved 1048576K
}
Event: 3091.650 GC heap after
{Heap after GC invocations=142 (full 0):
 garbage-first heap   total 504832K, used 384309K [0x0000000080000000, 0x0000000100000000)
  region size 1024K, 8 young (8192K), 8 survivors (8192K)
 Metaspace       used 155806K, committed 158144K, reserved 1187840K
  class space    used 20560K, committed 21696K, reserved 1048576K
}
Event: 3092.631 GC heap before
{Heap before GC invocations=142 (full 0):
 garbage-first heap   total 504832K, used 416053K [0x0000000080000000, 0x0000000100000000)
  region size 1024K, 40 young (40960K), 8 survivors (8192K)
 Metaspace       used 155812K, committed 158144K, reserved 1187840K
  class space    used 20560K, committed 21696K, reserved 1048576K
}
Event: 3092.709 GC heap after
{Heap after GC invocations=143 (full 0):
 garbage-first heap   total 504832K, used 387449K [0x0000000080000000, 0x0000000100000000)
  region size 1024K, 3 young (3072K), 3 survivors (3072K)
 Metaspace       used 155812K, committed 158144K, reserved 1187840K
  class space    used 20560K, committed 21696K, reserved 1048576K
}
Event: 3352.149 GC heap before
{Heap before GC invocations=143 (full 0):
 garbage-first heap   total 504832K, used 458105K [0x0000000080000000, 0x0000000100000000)
  region size 1024K, 53 young (54272K), 3 survivors (3072K)
 Metaspace       used 155848K, committed 158144K, reserved 1187840K
  class space    used 20561K, committed 21696K, reserved 1048576K
}
Event: 3352.749 GC heap after
{Heap after GC invocations=144 (full 0):
 garbage-first heap   total 504832K, used 387783K [0x0000000080000000, 0x0000000100000000)
  region size 1024K, 4 young (4096K), 4 survivors (4096K)
 Metaspace       used 155848K, committed 158144K, reserved 1187840K
  class space    used 20561K, committed 21696K, reserved 1048576K
}
Event: 3354.389 GC heap before
{Heap before GC invocations=144 (full 0):
 garbage-first heap   total 504832K, used 407239K [0x0000000080000000, 0x0000000100000000)
  region size 1024K, 24 young (24576K), 4 survivors (4096K)
 Metaspace       used 155856K, committed 158208K, reserved 1187840K
  class space    used 20561K, committed 21696K, reserved 1048576K
}
Event: 3354.463 GC heap after
{Heap after GC invocations=145 (full 0):
 garbage-first heap   total 504832K, used 389610K [0x0000000080000000, 0x0000000100000000)
  region size 1024K, 3 young (3072K), 3 survivors (3072K)
 Metaspace       used 155856K, committed 158208K, reserved 1187840K
  class space    used 20561K, committed 21696K, reserved 1048576K
}
Event: 3356.960 GC heap before
{Heap before GC invocations=145 (full 0):
 garbage-first heap   total 504832K, used 411114K [0x0000000080000000, 0x0000000100000000)
  region size 1024K, 24 young (24576K), 3 survivors (3072K)
 Metaspace       used 155879K, committed 158208K, reserved 1187840K
  class space    used 20561K, committed 21696K, reserved 1048576K
}

