# JRE version: OpenJDK Runtime Environment (17.0.6) (build 17.0.6+0-b2043.56-10027231)
# Java VM: OpenJDK 64-Bit Server VM (17.0.6+0-b2043.56-10027231, mixed mode, tiered, compressed oops, compressed class ptrs, g1 gc, windows-amd64)
GC Precious Log:
 CPUs: 2 total, 2 available
 Memory: 3737M
 Large Page Support: Disabled
 NUMA Support: Disabled
 Compressed Oops: Enabled (32-bit)
 Heap Region Size: 1M
 Heap Min Capacity: 8M
 Heap Initial Capacity: 60M
 Heap Max Capacity: 2G
 Pre-touch: Disabled
 Parallel Workers: 2
 Concurrent Workers: 1
 Concurrent Refinement Workers: 2
 Periodic GC: Disabled
Heap:
 garbage-first heap   total 512000K, used 276601K [0x0000000080000000, 0x0000000100000000)
  region size 1024K, 36 young (36864K), 1 survivors (1024K)
 Metaspace       used 186688K, committed 187648K, reserved 1220608K
  class space    used 23013K, committed 23424K, reserved 1048576K
GC Heap History (20 events):
Event: 323.282 GC heap before
{Heap before GC invocations=182 (full 0):
 garbage-first heap   total 512000K, used 443491K [0x0000000080000000, 0x0000000100000000)
  region size 1024K, 232 young (237568K), 4 survivors (4096K)
 Metaspace       used 170211K, committed 171008K, reserved 1204224K
  class space    used 20542K, committed 20928K, reserved 1048576K
}
Event: 323.293 GC heap after
{Heap after GC invocations=183 (full 0):
 garbage-first heap   total 512000K, used 213593K [0x0000000080000000, 0x0000000100000000)
  region size 1024K, 7 young (7168K), 7 survivors (7168K)
 Metaspace       used 170211K, committed 171008K, reserved 1204224K
  class space    used 20542K, committed 20928K, reserved 1048576K
}
Event: 326.146 GC heap before
{Heap before GC invocations=183 (full 0):
 garbage-first heap   total 512000K, used 447065K [0x0000000080000000, 0x0000000100000000)
  region size 1024K, 234 young (239616K), 7 survivors (7168K)
 Metaspace       used 171271K, committed 172096K, reserved 1204224K
  class space    used 20635K, committed 21056K, reserved 1048576K
}
Event: 326.159 GC heap after
{Heap after GC invocations=184 (full 0):
 garbage-first heap   total 512000K, used 215651K [0x0000000080000000, 0x0000000100000000)
  region size 1024K, 9 young (9216K), 9 survivors (9216K)
 Metaspace       used 171271K, committed 172096K, reserved 1204224K
  class space    used 20635K, committed 21056K, reserved 1048576K
}
Event: 333.700 GC heap before
{Heap before GC invocations=184 (full 0):
 garbage-first heap   total 512000K, used 447075K [0x0000000080000000, 0x0000000100000000)
  region size 1024K, 235 young (240640K), 9 survivors (9216K)
 Metaspace       used 171600K, committed 172416K, reserved 1204224K
  class space    used 20652K, committed 21056K, reserved 1048576K
}
Event: 333.822 GC heap after
{Heap after GC invocations=185 (full 0):
 garbage-first heap   total 512000K, used 246980K [0x0000000080000000, 0x0000000100000000)
  region size 1024K, 30 young (30720K), 30 survivors (30720K)
 Metaspace       used 171600K, committed 172416K, reserved 1204224K
  class space    used 20652K, committed 21056K, reserved 1048576K
}
Event: 333.879 GC heap before
{Heap before GC invocations=185 (full 0):
 garbage-first heap   total 512000K, used 248004K [0x0000000080000000, 0x0000000100000000)
  region size 1024K, 31 young (31744K), 30 survivors (30720K)
 Metaspace       used 171600K, committed 172416K, reserved 1204224K
  class space    used 20652K, committed 21056K, reserved 1048576K
}
Event: 333.930 GC heap after
{Heap after GC invocations=186 (full 0):
 garbage-first heap   total 512000K, used 248320K [0x0000000080000000, 0x0000000100000000)
  region size 1024K, 1 young (1024K), 1 survivors (1024K)
 Metaspace       used 171600K, committed 172416K, reserved 1204224K
  class space    used 20652K, committed 21056K, reserved 1048576K
}
Event: 335.737 GC heap before
{Heap before GC invocations=186 (full 0):
 garbage-first heap   total 512000K, used 286208K [0x0000000080000000, 0x0000000100000000)
  region size 1024K, 39 young (39936K), 1 survivors (1024K)
 Metaspace       used 174038K, committed 174848K, reserved 1204224K
  class space    used 20994K, committed 21376K, reserved 1048576K
}
Event: 335.758 GC heap after
{Heap after GC invocations=187 (full 0):
 garbage-first heap   total 512000K, used 250368K [0x0000000080000000, 0x0000000100000000)
  region size 1024K, 3 young (3072K), 3 survivors (3072K)
 Metaspace       used 174038K, committed 174848K, reserved 1204224K
  class space    used 20994K, committed 21376K, reserved 1048576K
}
Event: 342.560 GC heap before
{Heap before GC invocations=188 (full 0):
 garbage-first heap   total 512000K, used 383488K [0x0000000080000000, 0x0000000100000000)
  region size 1024K, 123 young (125952K), 3 survivors (3072K)
 Metaspace       used 183853K, committed 184768K, reserved 1212416K
  class space    used 22652K, committed 23104K, reserved 1048576K
}
Event: 342.587 GC heap after
{Heap after GC invocations=189 (full 0):
 garbage-first heap   total 512000K, used 261632K [0x0000000080000000, 0x0000000100000000)
  region size 1024K, 11 young (11264K), 11 survivors (11264K)
 Metaspace       used 183853K, committed 184768K, reserved 1212416K
  class space    used 22652K, committed 23104K, reserved 1048576K
}
Event: 346.788 GC heap before
{Heap before GC invocations=189 (full 0):
 garbage-first heap   total 512000K, used 274944K [0x0000000080000000, 0x0000000100000000)
  region size 1024K, 25 young (25600K), 11 survivors (11264K)
 Metaspace       used 184848K, committed 185664K, reserved 1212416K
  class space    used 22776K, committed 23168K, reserved 1048576K
}
Event: 347.048 GC heap after
{Heap after GC invocations=190 (full 0):
 garbage-first heap   total 512000K, used 249600K [0x0000000080000000, 0x0000000100000000)
  region size 1024K, 2 young (2048K), 2 survivors (2048K)
 Metaspace       used 184848K, committed 185664K, reserved 1212416K
  class space    used 22776K, committed 23168K, reserved 1048576K
}
Event: 376.621 GC heap before
{Heap before GC invocations=190 (full 0):
 garbage-first heap   total 512000K, used 339712K [0x0000000080000000, 0x0000000100000000)
  region size 1024K, 90 young (92160K), 2 survivors (2048K)
 Metaspace       used 186356K, committed 187264K, reserved 1220608K
  class space    used 22955K, committed 23360K, reserved 1048576K
}
Event: 376.643 GC heap after
{Heap after GC invocations=191 (full 0):
 garbage-first heap   total 512000K, used 252928K [0x0000000080000000, 0x0000000100000000)
  region size 1024K, 5 young (5120K), 5 survivors (5120K)
 Metaspace       used 186356K, committed 187264K, reserved 1220608K
  class space    used 22955K, committed 23360K, reserved 1048576K
}
Event: 437.544 GC heap before
{Heap before GC invocations=192 (full 0):
 garbage-first heap   total 512000K, used 351232K [0x0000000080000000, 0x0000000100000000)
  region size 1024K, 107 young (109568K), 5 survivors (5120K)
 Metaspace       used 186502K, committed 187456K, reserved 1220608K
  class space    used 22987K, committed 23424K, reserved 1048576K
}
Event: 437.778 GC heap after
{Heap after GC invocations=193 (full 0):
 garbage-first heap   total 512000K, used 248638K [0x0000000080000000, 0x0000000100000000)
  region size 1024K, 6 young (6144K), 6 survivors (6144K)
 Metaspace       used 186502K, committed 187456K, reserved 1220608K
  class space    used 22987K, committed 23424K, reserved 1048576K
}
Event: 439.890 GC heap before
{Heap before GC invocations=193 (full 0):
 garbage-first heap   total 512000K, used 267070K [0x0000000080000000, 0x0000000100000000)
  region size 1024K, 25 young (25600K), 6 survivors (6144K)
 Metaspace       used 186502K, committed 187456K, reserved 1220608K
  class space    used 22987K, committed 23424K, reserved 1048576K
}
Event: 440.045 GC heap after
{Heap after GC invocations=194 (full 0):
 garbage-first heap   total 512000K, used 241785K [0x0000000080000000, 0x0000000100000000)
  region size 1024K, 1 young (1024K), 1 survivors (1024K)
 Metaspace       used 186502K, committed 187456K, reserved 1220608K
  class space    used 22987K, committed 23424K, reserved 1048576K
}

