# JRE version: OpenJDK Runtime Environment (17.0.6) (build 17.0.6+0-b2043.56-10027231)
# Java VM: OpenJDK 64-Bit Server VM (17.0.6+0-b2043.56-10027231, mixed mode, tiered, compressed oops, compressed class ptrs, g1 gc, windows-amd64)
GC Precious Log:
 CPUs: 2 total, 2 available
 Memory: 3737M
 Large Page Support: Disabled
 NUMA Support: Disabled
 Compressed Oops: Enabled (32-bit)
 Heap Region Size: 1M
 Heap Min Capacity: 8M
 Heap Initial Capacity: 60M
 Heap Max Capacity: 2G
 Pre-touch: Disabled
 Parallel Workers: 2
 Concurrent Workers: 1
 Concurrent Refinement Workers: 2
 Periodic GC: Disabled
Heap:
 garbage-first heap   total 324608K, used 176896K [0x0000000080000000, 0x0000000100000000)
  region size 1024K, 2 young (2048K), 2 survivors (2048K)
 Metaspace       used 113177K, committed 114048K, reserved 1155072K
  class space    used 15819K, committed 16256K, reserved 1048576K
GC Heap History (20 events):
Event: 342.896 GC heap after
{Heap after GC invocations=93 (full 0):
 garbage-first heap   total 288768K, used 171771K [0x0000000080000000, 0x0000000100000000)
  region size 1024K, 2 young (2048K), 2 survivors (2048K)
 Metaspace       used 93450K, committed 94208K, reserved 1130496K
  class space    used 12819K, committed 13184K, reserved 1048576K
}
Event: 343.220 GC heap before
{Heap before GC invocations=93 (full 0):
 garbage-first heap   total 288768K, used 176891K [0x0000000080000000, 0x0000000100000000)
  region size 1024K, 8 young (8192K), 2 survivors (2048K)
 Metaspace       used 93508K, committed 94336K, reserved 1130496K
  class space    used 12827K, committed 13248K, reserved 1048576K
}
Event: 343.235 GC heap after
{Heap after GC invocations=94 (full 0):
 garbage-first heap   total 288768K, used 174203K [0x0000000080000000, 0x0000000100000000)
  region size 1024K, 5 young (5120K), 5 survivors (5120K)
 Metaspace       used 93508K, committed 94336K, reserved 1130496K
  class space    used 12827K, committed 13248K, reserved 1048576K
}
Event: 362.334 GC heap before
{Heap before GC invocations=95 (full 0):
 garbage-first heap   total 295936K, used 245883K [0x0000000080000000, 0x0000000100000000)
  region size 1024K, 52 young (53248K), 5 survivors (5120K)
 Metaspace       used 100410K, committed 101248K, reserved 1138688K
  class space    used 14101K, committed 14528K, reserved 1048576K
}
Event: 362.421 GC heap after
{Heap after GC invocations=96 (full 0):
 garbage-first heap   total 295936K, used 173870K [0x0000000080000000, 0x0000000100000000)
  region size 1024K, 3 young (3072K), 3 survivors (3072K)
 Metaspace       used 100410K, committed 101248K, reserved 1138688K
  class space    used 14101K, committed 14528K, reserved 1048576K
}
Event: 380.060 GC heap before
{Heap before GC invocations=96 (full 0):
 garbage-first heap   total 295936K, used 186158K [0x0000000080000000, 0x0000000100000000)
  region size 1024K, 14 young (14336K), 3 survivors (3072K)
 Metaspace       used 102194K, committed 102976K, reserved 1138688K
  class space    used 14229K, committed 14656K, reserved 1048576K
}
Event: 380.245 GC heap after
{Heap after GC invocations=97 (full 0):
 garbage-first heap   total 295936K, used 172819K [0x0000000080000000, 0x0000000100000000)
  region size 1024K, 1 young (1024K), 1 survivors (1024K)
 Metaspace       used 102194K, committed 102976K, reserved 1138688K
  class space    used 14229K, committed 14656K, reserved 1048576K
}
Event: 399.135 GC heap before
{Heap before GC invocations=97 (full 0):
 garbage-first heap   total 295936K, used 216851K [0x0000000080000000, 0x0000000100000000)
  region size 1024K, 44 young (45056K), 1 survivors (1024K)
 Metaspace       used 107330K, committed 108160K, reserved 1146880K
  class space    used 14967K, committed 15360K, reserved 1048576K
}
Event: 399.291 GC heap after
{Heap after GC invocations=98 (full 0):
 garbage-first heap   total 295936K, used 174505K [0x0000000080000000, 0x0000000100000000)
  region size 1024K, 3 young (3072K), 3 survivors (3072K)
 Metaspace       used 107330K, committed 108160K, reserved 1146880K
  class space    used 14967K, committed 15360K, reserved 1048576K
}
Event: 411.871 GC heap before
{Heap before GC invocations=99 (full 0):
 garbage-first heap   total 304128K, used 203177K [0x0000000080000000, 0x0000000100000000)
  region size 1024K, 32 young (32768K), 3 survivors (3072K)
 Metaspace       used 109936K, committed 110784K, reserved 1146880K
  class space    used 15326K, committed 15744K, reserved 1048576K
}
Event: 411.890 GC heap after
{Heap after GC invocations=100 (full 0):
 garbage-first heap   total 304128K, used 175633K [0x0000000080000000, 0x0000000100000000)
  region size 1024K, 3 young (3072K), 3 survivors (3072K)
 Metaspace       used 109936K, committed 110784K, reserved 1146880K
  class space    used 15326K, committed 15744K, reserved 1048576K
}
Event: 413.368 GC heap before
{Heap before GC invocations=100 (full 0):
 garbage-first heap   total 304128K, used 185873K [0x0000000080000000, 0x0000000100000000)
  region size 1024K, 14 young (14336K), 3 survivors (3072K)
 Metaspace       used 111037K, committed 111872K, reserved 1146880K
  class space    used 15477K, committed 15872K, reserved 1048576K
}
Event: 413.437 GC heap after
{Heap after GC invocations=101 (full 0):
 garbage-first heap   total 304128K, used 174686K [0x0000000080000000, 0x0000000100000000)
  region size 1024K, 1 young (1024K), 1 survivors (1024K)
 Metaspace       used 111037K, committed 111872K, reserved 1146880K
  class space    used 15477K, committed 15872K, reserved 1048576K
}
Event: 420.507 GC heap before
{Heap before GC invocations=101 (full 0):
 garbage-first heap   total 304128K, used 195166K [0x0000000080000000, 0x0000000100000000)
  region size 1024K, 23 young (23552K), 1 survivors (1024K)
 Metaspace       used 113072K, committed 113920K, reserved 1155072K
  class space    used 15801K, committed 16192K, reserved 1048576K
}
Event: 420.517 GC heap after
{Heap after GC invocations=102 (full 0):
 garbage-first heap   total 304128K, used 175457K [0x0000000080000000, 0x0000000100000000)
  region size 1024K, 2 young (2048K), 2 survivors (2048K)
 Metaspace       used 113072K, committed 113920K, reserved 1155072K
  class space    used 15801K, committed 16192K, reserved 1048576K
}
Event: 423.046 GC heap before
{Heap before GC invocations=103 (full 0):
 garbage-first heap   total 324608K, used 251233K [0x0000000080000000, 0x0000000100000000)
  region size 1024K, 74 young (75776K), 2 survivors (2048K)
 Metaspace       used 113131K, committed 113984K, reserved 1155072K
  class space    used 15813K, committed 16256K, reserved 1048576K
}
Event: 423.086 GC heap after
{Heap after GC invocations=104 (full 0):
 garbage-first heap   total 324608K, used 178735K [0x0000000080000000, 0x0000000100000000)
  region size 1024K, 3 young (3072K), 3 survivors (3072K)
 Metaspace       used 113131K, committed 113984K, reserved 1155072K
  class space    used 15813K, committed 16256K, reserved 1048576K
}
Event: 423.317 GC heap before
{Heap before GC invocations=104 (full 0):
 garbage-first heap   total 324608K, used 191023K [0x0000000080000000, 0x0000000100000000)
  region size 1024K, 15 young (15360K), 3 survivors (3072K)
 Metaspace       used 113131K, committed 113984K, reserved 1155072K
  class space    used 15813K, committed 16256K, reserved 1048576K
}
Event: 423.350 GC heap after
{Heap after GC invocations=105 (full 0):
 garbage-first heap   total 324608K, used 177916K [0x0000000080000000, 0x0000000100000000)
  region size 1024K, 1 young (1024K), 1 survivors (1024K)
 Metaspace       used 113131K, committed 113984K, reserved 1155072K
  class space    used 15813K, committed 16256K, reserved 1048576K
}
Event: 424.541 GC heap before
{Heap before GC invocations=105 (full 0):
 garbage-first heap   total 324608K, used 249596K [0x0000000080000000, 0x0000000100000000)
  region size 1024K, 72 young (73728K), 1 survivors (1024K)
 Metaspace       used 113177K, committed 114048K, reserved 1155072K
  class space    used 15819K, committed 16256K, reserved 1048576K
}

