# JRE version: OpenJDK Runtime Environment (17.0.6) (build 17.0.6+0-b2043.56-10027231)
# Java VM: OpenJDK 64-Bit Server VM (17.0.6+0-b2043.56-10027231, mixed mode, tiered, compressed oops, compressed class ptrs, g1 gc, windows-amd64)
GC Precious Log:
 CPUs: 2 total, 2 available
 Memory: 3737M
 Large Page Support: Disabled
 NUMA Support: Disabled
 Compressed Oops: Enabled (32-bit)
 Heap Region Size: 1M
 Heap Min Capacity: 8M
 Heap Initial Capacity: 60M
 Heap Max Capacity: 2G
 Pre-touch: Disabled
 Parallel Workers: 2
 Concurrent Workers: 1
 Concurrent Refinement Workers: 2
 Periodic GC: Disabled
Heap:
 garbage-first heap   total 290816K, used 165888K [0x0000000080000000, 0x0000000100000000)
  region size 1024K, 2 young (2048K), 2 survivors (2048K)
 Metaspace       used 132177K, committed 133120K, reserved 1171456K
  class space    used 17775K, committed 18240K, reserved 1048576K
GC Heap History (20 events):
Event: 59.757 GC heap after
{Heap after GC invocations=52 (full 0):
 garbage-first heap   total 241664K, used 143360K [0x0000000080000000, 0x0000000100000000)
  region size 1024K, 8 young (8192K), 8 survivors (8192K)
 Metaspace       used 106822K, committed 107584K, reserved 1146880K
  class space    used 14381K, committed 14784K, reserved 1048576K
}
Event: 61.063 GC heap before
{Heap before GC invocations=52 (full 0):
 garbage-first heap   total 241664K, used 195584K [0x0000000080000000, 0x0000000100000000)
  region size 1024K, 60 young (61440K), 8 survivors (8192K)
 Metaspace       used 107940K, committed 108736K, reserved 1146880K
  class space    used 14483K, committed 14912K, reserved 1048576K
}
Event: 61.106 GC heap after
{Heap after GC invocations=53 (full 0):
 garbage-first heap   total 241664K, used 146944K [0x0000000080000000, 0x0000000100000000)
  region size 1024K, 4 young (4096K), 4 survivors (4096K)
 Metaspace       used 107940K, committed 108736K, reserved 1146880K
  class space    used 14483K, committed 14912K, reserved 1048576K
}
Event: 62.126 GC heap before
{Heap before GC invocations=53 (full 0):
 garbage-first heap   total 241664K, used 199168K [0x0000000080000000, 0x0000000100000000)
  region size 1024K, 55 young (56320K), 4 survivors (4096K)
 Metaspace       used 108445K, committed 109248K, reserved 1146880K
  class space    used 14556K, committed 14976K, reserved 1048576K
}
Event: 62.149 GC heap after
{Heap after GC invocations=54 (full 0):
 garbage-first heap   total 241664K, used 145408K [0x0000000080000000, 0x0000000100000000)
  region size 1024K, 2 young (2048K), 2 survivors (2048K)
 Metaspace       used 108445K, committed 109248K, reserved 1146880K
  class space    used 14556K, committed 14976K, reserved 1048576K
}
Event: 99.560 GC heap before
{Heap before GC invocations=54 (full 0):
 garbage-first heap   total 241664K, used 200704K [0x0000000080000000, 0x0000000100000000)
  region size 1024K, 57 young (58368K), 2 survivors (2048K)
 Metaspace       used 112395K, committed 113152K, reserved 1146880K
  class space    used 15103K, committed 15488K, reserved 1048576K
}
Event: 99.588 GC heap after
{Heap after GC invocations=55 (full 0):
 garbage-first heap   total 290816K, used 149442K [0x0000000080000000, 0x0000000100000000)
  region size 1024K, 6 young (6144K), 6 survivors (6144K)
 Metaspace       used 112395K, committed 113152K, reserved 1146880K
  class space    used 15103K, committed 15488K, reserved 1048576K
}
Event: 101.225 GC heap before
{Heap before GC invocations=55 (full 0):
 garbage-first heap   total 290816K, used 188354K [0x0000000080000000, 0x0000000100000000)
  region size 1024K, 44 young (45056K), 6 survivors (6144K)
 Metaspace       used 116155K, committed 116928K, reserved 1155072K
  class space    used 15621K, committed 16000K, reserved 1048576K
}
Event: 101.254 GC heap after
{Heap after GC invocations=56 (full 0):
 garbage-first heap   total 290816K, used 151528K [0x0000000080000000, 0x0000000100000000)
  region size 1024K, 8 young (8192K), 8 survivors (8192K)
 Metaspace       used 116155K, committed 116928K, reserved 1155072K
  class space    used 15621K, committed 16000K, reserved 1048576K
}
Event: 105.312 GC heap before
{Heap before GC invocations=57 (full 0):
 garbage-first heap   total 290816K, used 226280K [0x0000000080000000, 0x0000000100000000)
  region size 1024K, 97 young (99328K), 8 survivors (8192K)
 Metaspace       used 124267K, committed 125056K, reserved 1163264K
  class space    used 16621K, committed 17024K, reserved 1048576K
}
Event: 105.396 GC heap after
{Heap after GC invocations=58 (full 0):
 garbage-first heap   total 290816K, used 141991K [0x0000000080000000, 0x0000000100000000)
  region size 1024K, 13 young (13312K), 13 survivors (13312K)
 Metaspace       used 124267K, committed 125056K, reserved 1163264K
  class space    used 16621K, committed 17024K, reserved 1048576K
}
Event: 105.499 GC heap before
{Heap before GC invocations=58 (full 0):
 garbage-first heap   total 290816K, used 143015K [0x0000000080000000, 0x0000000100000000)
  region size 1024K, 14 young (14336K), 13 survivors (13312K)
 Metaspace       used 124502K, committed 125312K, reserved 1163264K
  class space    used 16621K, committed 17024K, reserved 1048576K
}
Event: 105.571 GC heap after
{Heap after GC invocations=59 (full 0):
 garbage-first heap   total 290816K, used 139702K [0x0000000080000000, 0x0000000100000000)
  region size 1024K, 1 young (1024K), 1 survivors (1024K)
 Metaspace       used 124502K, committed 125312K, reserved 1163264K
  class space    used 16621K, committed 17024K, reserved 1048576K
}
Event: 111.651 GC heap before
{Heap before GC invocations=59 (full 0):
 garbage-first heap   total 290816K, used 270774K [0x0000000080000000, 0x0000000100000000)
  region size 1024K, 99 young (101376K), 1 survivors (1024K)
 Metaspace       used 131427K, committed 132288K, reserved 1171456K
  class space    used 17734K, committed 18176K, reserved 1048576K
}
Event: 111.665 GC heap after
{Heap after GC invocations=60 (full 0):
 garbage-first heap   total 290816K, used 140527K [0x0000000080000000, 0x0000000100000000)
  region size 1024K, 2 young (2048K), 2 survivors (2048K)
 Metaspace       used 131427K, committed 132288K, reserved 1171456K
  class space    used 17734K, committed 18176K, reserved 1048576K
}
Event: 295.194 GC heap before
{Heap before GC invocations=61 (full 0):
 garbage-first heap   total 290816K, used 243951K [0x0000000080000000, 0x0000000100000000)
  region size 1024K, 102 young (104448K), 2 survivors (2048K)
 Metaspace       used 132160K, committed 133120K, reserved 1171456K
  class space    used 17775K, committed 18240K, reserved 1048576K
}
Event: 295.866 GC heap after
{Heap after GC invocations=62 (full 0):
 garbage-first heap   total 290816K, used 162468K [0x0000000080000000, 0x0000000100000000)
  region size 1024K, 13 young (13312K), 13 survivors (13312K)
 Metaspace       used 132160K, committed 133120K, reserved 1171456K
  class space    used 17775K, committed 18240K, reserved 1048576K
}
Event: 295.930 GC heap before
{Heap before GC invocations=62 (full 0):
 garbage-first heap   total 290816K, used 163492K [0x0000000080000000, 0x0000000100000000)
  region size 1024K, 14 young (14336K), 13 survivors (13312K)
 Metaspace       used 132162K, committed 133120K, reserved 1171456K
  class space    used 17775K, committed 18240K, reserved 1048576K
}
Event: 296.079 GC heap after
{Heap after GC invocations=63 (full 0):
 garbage-first heap   total 290816K, used 161792K [0x0000000080000000, 0x0000000100000000)
  region size 1024K, 2 young (2048K), 2 survivors (2048K)
 Metaspace       used 132162K, committed 133120K, reserved 1171456K
  class space    used 17775K, committed 18240K, reserved 1048576K
}
Event: 297.207 GC heap before
{Heap before GC invocations=63 (full 0):
 garbage-first heap   total 290816K, used 175104K [0x0000000080000000, 0x0000000100000000)
  region size 1024K, 15 young (15360K), 2 survivors (2048K)
 Metaspace       used 132177K, committed 133120K, reserved 1171456K
  class space    used 17775K, committed 18240K, reserved 1048576K
}

