# JRE version: OpenJDK Runtime Environment (17.0.6) (build 17.0.6+0-b2043.56-10027231)
# Java VM: OpenJDK 64-Bit Server VM (17.0.6+0-b2043.56-10027231, mixed mode, tiered, compressed oops, compressed class ptrs, g1 gc, windows-amd64)
GC Precious Log:
 CPUs: 2 total, 2 available
 Memory: 3737M
 Large Page Support: Disabled
 NUMA Support: Disabled
 Compressed Oops: Enabled (32-bit)
 Heap Region Size: 1M
 Heap Min Capacity: 8M
 Heap Initial Capacity: 60M
 Heap Max Capacity: 2G
 Pre-touch: Disabled
 Parallel Workers: 2
 Concurrent Workers: 1
 Concurrent Refinement Workers: 2
 Periodic GC: Disabled
Heap:
 garbage-first heap   total 217088K, used 149840K [0x0000000080000000, 0x0000000100000000)
  region size 1024K, 53 young (54272K), 4 survivors (4096K)
 Metaspace       used 98042K, committed 98752K, reserved 1138688K
  class space    used 13446K, committed 13760K, reserved 1048576K
GC Heap History (20 events):
Event: 32.321 GC heap before
{Heap before GC invocations=51 (full 0):
 garbage-first heap   total 122880K, used 97188K [0x0000000080000000, 0x0000000100000000)
  region size 1024K, 26 young (26624K), 1 survivors (1024K)
 Metaspace       used 77169K, committed 77760K, reserved 1122304K
  class space    used 10290K, committed 10560K, reserved 1048576K
}
Event: 32.331 GC heap after
{Heap after GC invocations=52 (full 0):
 garbage-first heap   total 147456K, used 74910K [0x0000000080000000, 0x0000000100000000)
  region size 1024K, 3 young (3072K), 3 survivors (3072K)
 Metaspace       used 77169K, committed 77760K, reserved 1122304K
  class space    used 10290K, committed 10560K, reserved 1048576K
}
Event: 34.119 GC heap before
{Heap before GC invocations=53 (full 0):
 garbage-first heap   total 147456K, used 113822K [0x0000000080000000, 0x0000000100000000)
  region size 1024K, 41 young (41984K), 3 survivors (3072K)
 Metaspace       used 79256K, committed 79872K, reserved 1122304K
  class space    used 10588K, committed 10880K, reserved 1048576K
}
Event: 34.131 GC heap after
{Heap after GC invocations=54 (full 0):
 garbage-first heap   total 147456K, used 76252K [0x0000000080000000, 0x0000000100000000)
  region size 1024K, 4 young (4096K), 4 survivors (4096K)
 Metaspace       used 79256K, committed 79872K, reserved 1122304K
  class space    used 10588K, committed 10880K, reserved 1048576K
}
Event: 36.811 GC heap before
{Heap before GC invocations=54 (full 0):
 garbage-first heap   total 147456K, used 117212K [0x0000000080000000, 0x0000000100000000)
  region size 1024K, 43 young (44032K), 4 survivors (4096K)
 Metaspace       used 82350K, committed 82944K, reserved 1122304K
  class space    used 11188K, committed 11456K, reserved 1048576K
}
Event: 36.843 GC heap after
{Heap after GC invocations=55 (full 0):
 garbage-first heap   total 147456K, used 77798K [0x0000000080000000, 0x0000000100000000)
  region size 1024K, 3 young (3072K), 3 survivors (3072K)
 Metaspace       used 82350K, committed 82944K, reserved 1122304K
  class space    used 11188K, committed 11456K, reserved 1048576K
}
Event: 40.917 GC heap before
{Heap before GC invocations=55 (full 0):
 garbage-first heap   total 147456K, used 118758K [0x0000000080000000, 0x0000000100000000)
  region size 1024K, 43 young (44032K), 3 survivors (3072K)
 Metaspace       used 85367K, committed 85952K, reserved 1130496K
  class space    used 11633K, committed 11904K, reserved 1048576K
}
Event: 40.933 GC heap after
{Heap after GC invocations=56 (full 0):
 garbage-first heap   total 147456K, used 79721K [0x0000000080000000, 0x0000000100000000)
  region size 1024K, 5 young (5120K), 5 survivors (5120K)
 Metaspace       used 85367K, committed 85952K, reserved 1130496K
  class space    used 11633K, committed 11904K, reserved 1048576K
}
Event: 50.168 GC heap before
{Heap before GC invocations=56 (full 0):
 garbage-first heap   total 147456K, used 120681K [0x0000000080000000, 0x0000000100000000)
  region size 1024K, 45 young (46080K), 5 survivors (5120K)
 Metaspace       used 88729K, committed 89344K, reserved 1130496K
  class space    used 12118K, committed 12416K, reserved 1048576K
}
Event: 50.202 GC heap after
{Heap after GC invocations=57 (full 0):
 garbage-first heap   total 147456K, used 82373K [0x0000000080000000, 0x0000000100000000)
  region size 1024K, 5 young (5120K), 5 survivors (5120K)
 Metaspace       used 88729K, committed 89344K, reserved 1130496K
  class space    used 12118K, committed 12416K, reserved 1048576K
}
Event: 64.985 GC heap before
{Heap before GC invocations=57 (full 0):
 garbage-first heap   total 147456K, used 121285K [0x0000000080000000, 0x0000000100000000)
  region size 1024K, 43 young (44032K), 5 survivors (5120K)
 Metaspace       used 92977K, committed 93632K, reserved 1130496K
  class space    used 12735K, committed 13056K, reserved 1048576K
}
Event: 65.130 GC heap after
{Heap after GC invocations=58 (full 0):
 garbage-first heap   total 147456K, used 84759K [0x0000000080000000, 0x0000000100000000)
  region size 1024K, 5 young (5120K), 5 survivors (5120K)
 Metaspace       used 92977K, committed 93632K, reserved 1130496K
  class space    used 12735K, committed 13056K, reserved 1048576K
}
Event: 68.998 GC heap before
{Heap before GC invocations=58 (full 0):
 garbage-first heap   total 147456K, used 122647K [0x0000000080000000, 0x0000000100000000)
  region size 1024K, 42 young (43008K), 5 survivors (5120K)
 Metaspace       used 95062K, committed 95680K, reserved 1138688K
  class space    used 13032K, committed 13312K, reserved 1048576K
}
Event: 69.084 GC heap after
{Heap after GC invocations=59 (full 0):
 garbage-first heap   total 147456K, used 88749K [0x0000000080000000, 0x0000000100000000)
  region size 1024K, 6 young (6144K), 6 survivors (6144K)
 Metaspace       used 95062K, committed 95680K, reserved 1138688K
  class space    used 13032K, committed 13312K, reserved 1048576K
}
Event: 70.314 GC heap before
{Heap before GC invocations=59 (full 0):
 garbage-first heap   total 147456K, used 122541K [0x0000000080000000, 0x0000000100000000)
  region size 1024K, 39 young (39936K), 6 survivors (6144K)
 Metaspace       used 95848K, committed 96512K, reserved 1138688K
  class space    used 13137K, committed 13440K, reserved 1048576K
}
Event: 70.367 GC heap after
{Heap after GC invocations=60 (full 0):
 garbage-first heap   total 147456K, used 93168K [0x0000000080000000, 0x0000000100000000)
  region size 1024K, 5 young (5120K), 5 survivors (5120K)
 Metaspace       used 95848K, committed 96512K, reserved 1138688K
  class space    used 13137K, committed 13440K, reserved 1048576K
}
Event: 71.408 GC heap before
{Heap before GC invocations=60 (full 0):
 garbage-first heap   total 147456K, used 122864K [0x0000000080000000, 0x0000000100000000)
  region size 1024K, 34 young (34816K), 5 survivors (5120K)
 Metaspace       used 96174K, committed 96832K, reserved 1138688K
  class space    used 13181K, committed 13504K, reserved 1048576K
}
Event: 71.542 GC heap after
{Heap after GC invocations=61 (full 0):
 garbage-first heap   total 147456K, used 98062K [0x0000000080000000, 0x0000000100000000)
  region size 1024K, 5 young (5120K), 5 survivors (5120K)
 Metaspace       used 96174K, committed 96832K, reserved 1138688K
  class space    used 13181K, committed 13504K, reserved 1048576K
}
Event: 83.325 GC heap before
{Heap before GC invocations=61 (full 0):
 garbage-first heap   total 147456K, used 122638K [0x0000000080000000, 0x0000000100000000)
  region size 1024K, 29 young (29696K), 5 survivors (5120K)
 Metaspace       used 97781K, committed 98432K, reserved 1138688K
  class space    used 13443K, committed 13760K, reserved 1048576K
}
Event: 83.368 GC heap after
{Heap after GC invocations=62 (full 0):
 garbage-first heap   total 217088K, used 101712K [0x0000000080000000, 0x0000000100000000)
  region size 1024K, 4 young (4096K), 4 survivors (4096K)
 Metaspace       used 97781K, committed 98432K, reserved 1138688K
  class space    used 13443K, committed 13760K, reserved 1048576K
}

