# JRE version: OpenJDK Runtime Environment (17.0.6) (build 17.0.6+0-b2043.56-10027231)
# Java VM: OpenJDK 64-Bit Server VM (17.0.6+0-b2043.56-10027231, mixed mode, tiered, compressed oops, compressed class ptrs, g1 gc, windows-amd64)
GC Precious Log:
 CPUs: 2 total, 2 available
 Memory: 3737M
 Large Page Support: Disabled
 NUMA Support: Disabled
 Compressed Oops: Enabled (32-bit)
 Heap Region Size: 1M
 Heap Min Capacity: 8M
 Heap Initial Capacity: 60M
 Heap Max Capacity: 2G
 Pre-touch: Disabled
 Parallel Workers: 2
 Concurrent Workers: 1
 Concurrent Refinement Workers: 2
 Periodic GC: Disabled
Heap:
 garbage-first heap   total 346112K, used 257023K [0x0000000080000000, 0x0000000100000000)
  region size 1024K, 14 young (14336K), 5 survivors (5120K)
 Metaspace       used 172623K, committed 173568K, reserved 1204224K
  class space    used 22053K, committed 22528K, reserved 1048576K
GC Heap History (20 events):
Event: 218.685 GC heap before
{Heap before GC invocations=179 (full 0):
 garbage-first heap   total 346112K, used 304085K [0x0000000080000000, 0x0000000100000000)
  region size 1024K, 75 young (76800K), 12 survivors (12288K)
 Metaspace       used 172402K, committed 173376K, reserved 1204224K
  class space    used 22022K, committed 22464K, reserved 1048576K
}
Event: 218.722 GC heap after
{Heap after GC invocations=180 (full 0):
 garbage-first heap   total 346112K, used 241578K [0x0000000080000000, 0x0000000100000000)
  region size 1024K, 3 young (3072K), 3 survivors (3072K)
 Metaspace       used 172402K, committed 173376K, reserved 1204224K
  class space    used 22022K, committed 22464K, reserved 1048576K
}
Event: 227.167 GC heap before
{Heap before GC invocations=180 (full 0):
 garbage-first heap   total 346112K, used 299946K [0x0000000080000000, 0x0000000100000000)
  region size 1024K, 60 young (61440K), 3 survivors (3072K)
 Metaspace       used 172411K, committed 173376K, reserved 1204224K
  class space    used 22022K, committed 22464K, reserved 1048576K
}
Event: 227.179 GC heap after
{Heap after GC invocations=181 (full 0):
 garbage-first heap   total 346112K, used 241424K [0x0000000080000000, 0x0000000100000000)
  region size 1024K, 3 young (3072K), 3 survivors (3072K)
 Metaspace       used 172411K, committed 173376K, reserved 1204224K
  class space    used 22022K, committed 22464K, reserved 1048576K
}
Event: 236.065 GC heap before
{Heap before GC invocations=181 (full 0):
 garbage-first heap   total 346112K, used 301840K [0x0000000080000000, 0x0000000100000000)
  region size 1024K, 62 young (63488K), 3 survivors (3072K)
 Metaspace       used 172411K, committed 173376K, reserved 1204224K
  class space    used 22022K, committed 22464K, reserved 1048576K
}
Event: 236.072 GC heap after
{Heap after GC invocations=182 (full 0):
 garbage-first heap   total 346112K, used 241286K [0x0000000080000000, 0x0000000100000000)
  region size 1024K, 3 young (3072K), 3 survivors (3072K)
 Metaspace       used 172411K, committed 173376K, reserved 1204224K
  class space    used 22022K, committed 22464K, reserved 1048576K
}
Event: 246.708 GC heap before
{Heap before GC invocations=182 (full 0):
 garbage-first heap   total 346112K, used 302726K [0x0000000080000000, 0x0000000100000000)
  region size 1024K, 63 young (64512K), 3 survivors (3072K)
 Metaspace       used 172411K, committed 173376K, reserved 1204224K
  class space    used 22022K, committed 22464K, reserved 1048576K
}
Event: 246.715 GC heap after
{Heap after GC invocations=183 (full 0):
 garbage-first heap   total 346112K, used 241203K [0x0000000080000000, 0x0000000100000000)
  region size 1024K, 3 young (3072K), 3 survivors (3072K)
 Metaspace       used 172411K, committed 173376K, reserved 1204224K
  class space    used 22022K, committed 22464K, reserved 1048576K
}
Event: 257.115 GC heap before
{Heap before GC invocations=183 (full 0):
 garbage-first heap   total 346112K, used 304691K [0x0000000080000000, 0x0000000100000000)
  region size 1024K, 65 young (66560K), 3 survivors (3072K)
 Metaspace       used 172414K, committed 173376K, reserved 1204224K
  class space    used 22022K, committed 22464K, reserved 1048576K
}
Event: 257.122 GC heap after
{Heap after GC invocations=184 (full 0):
 garbage-first heap   total 346112K, used 241183K [0x0000000080000000, 0x0000000100000000)
  region size 1024K, 3 young (3072K), 3 survivors (3072K)
 Metaspace       used 172414K, committed 173376K, reserved 1204224K
  class space    used 22022K, committed 22464K, reserved 1048576K
}
Event: 268.832 GC heap before
{Heap before GC invocations=184 (full 0):
 garbage-first heap   total 346112K, used 305695K [0x0000000080000000, 0x0000000100000000)
  region size 1024K, 66 young (67584K), 3 survivors (3072K)
 Metaspace       used 172424K, committed 173376K, reserved 1204224K
  class space    used 22022K, committed 22464K, reserved 1048576K
}
Event: 268.841 GC heap after
{Heap after GC invocations=185 (full 0):
 garbage-first heap   total 346112K, used 241177K [0x0000000080000000, 0x0000000100000000)
  region size 1024K, 3 young (3072K), 3 survivors (3072K)
 Metaspace       used 172424K, committed 173376K, reserved 1204224K
  class space    used 22022K, committed 22464K, reserved 1048576K
}
Event: 282.444 GC heap before
{Heap before GC invocations=185 (full 0):
 garbage-first heap   total 346112K, used 306713K [0x0000000080000000, 0x0000000100000000)
  region size 1024K, 67 young (68608K), 3 survivors (3072K)
 Metaspace       used 172427K, committed 173376K, reserved 1204224K
  class space    used 22022K, committed 22464K, reserved 1048576K
}
Event: 282.458 GC heap after
{Heap after GC invocations=186 (full 0):
 garbage-first heap   total 346112K, used 236058K [0x0000000080000000, 0x0000000100000000)
  region size 1024K, 4 young (4096K), 4 survivors (4096K)
 Metaspace       used 172427K, committed 173376K, reserved 1204224K
  class space    used 22022K, committed 22464K, reserved 1048576K
}
Event: 293.850 GC heap before
{Heap before GC invocations=186 (full 0):
 garbage-first heap   total 346112K, used 304666K [0x0000000080000000, 0x0000000100000000)
  region size 1024K, 72 young (73728K), 4 survivors (4096K)
 Metaspace       used 172428K, committed 173376K, reserved 1204224K
  class space    used 22022K, committed 22464K, reserved 1048576K
}
Event: 293.878 GC heap after
{Heap after GC invocations=187 (full 0):
 garbage-first heap   total 346112K, used 240554K [0x0000000080000000, 0x0000000100000000)
  region size 1024K, 8 young (8192K), 8 survivors (8192K)
 Metaspace       used 172428K, committed 173376K, reserved 1204224K
  class space    used 22022K, committed 22464K, reserved 1048576K
}
Event: 299.666 GC heap before
{Heap before GC invocations=187 (full 0):
 garbage-first heap   total 346112K, used 303018K [0x0000000080000000, 0x0000000100000000)
  region size 1024K, 69 young (70656K), 8 survivors (8192K)
 Metaspace       used 172428K, committed 173376K, reserved 1204224K
  class space    used 22022K, committed 22464K, reserved 1048576K
}
Event: 299.697 GC heap after
{Heap after GC invocations=188 (full 0):
 garbage-first heap   total 346112K, used 245464K [0x0000000080000000, 0x0000000100000000)
  region size 1024K, 5 young (5120K), 5 survivors (5120K)
 Metaspace       used 172428K, committed 173376K, reserved 1204224K
  class space    used 22022K, committed 22464K, reserved 1048576K
}
Event: 303.985 GC heap before
{Heap before GC invocations=188 (full 0):
 garbage-first heap   total 346112K, used 301784K [0x0000000080000000, 0x0000000100000000)
  region size 1024K, 60 young (61440K), 5 survivors (5120K)
 Metaspace       used 172428K, committed 173376K, reserved 1204224K
  class space    used 22022K, committed 22464K, reserved 1048576K
}
Event: 304.015 GC heap after
{Heap after GC invocations=189 (full 0):
 garbage-first heap   total 346112K, used 249855K [0x0000000080000000, 0x0000000100000000)
  region size 1024K, 5 young (5120K), 5 survivors (5120K)
 Metaspace       used 172428K, committed 173376K, reserved 1204224K
  class space    used 22022K, committed 22464K, reserved 1048576K
}

