# JRE version: OpenJDK Runtime Environment (17.0.6) (build 17.0.6+0-b2043.56-10027231)
# Java VM: OpenJDK 64-Bit Server VM (17.0.6+0-b2043.56-10027231, mixed mode, tiered, compressed oops, compressed class ptrs, g1 gc, windows-amd64)
GC Precious Log:
 CPUs: 2 total, 2 available
 Memory: 3737M
 Large Page Support: Disabled
 NUMA Support: Disabled
 Compressed Oops: Enabled (32-bit)
 Heap Region Size: 1M
 Heap Min Capacity: 8M
 Heap Initial Capacity: 60M
 Heap Max Capacity: 2G
 Pre-touch: Disabled
 Parallel Workers: 2
 Concurrent Workers: 1
 Concurrent Refinement Workers: 2
 Periodic GC: Disabled
Heap:
 garbage-first heap   total 317440K, used 194560K [0x0000000080000000, 0x0000000100000000)
  region size 1024K, 5 young (5120K), 5 survivors (5120K)
 Metaspace       used 130442K, committed 131520K, reserved 1163264K
  class space    used 17762K, committed 18304K, reserved 1048576K
GC Heap History (20 events):
Event: 1428.096 GC heap after
{Heap after GC invocations=84 (full 0):
 garbage-first heap   total 317440K, used 141158K [0x0000000080000000, 0x0000000100000000)
  region size 1024K, 2 young (2048K), 2 survivors (2048K)
 Metaspace       used 126289K, committed 127232K, reserved 1163264K
  class space    used 17290K, committed 17728K, reserved 1048576K
}
Event: 1451.697 GC heap before
{Heap before GC invocations=84 (full 0):
 garbage-first heap   total 317440K, used 180070K [0x0000000080000000, 0x0000000100000000)
  region size 1024K, 41 young (41984K), 2 survivors (2048K)
 Metaspace       used 126426K, committed 127296K, reserved 1163264K
  class space    used 17304K, committed 17728K, reserved 1048576K
}
Event: 1451.789 GC heap after
{Heap after GC invocations=85 (full 0):
 garbage-first heap   total 317440K, used 144553K [0x0000000080000000, 0x0000000100000000)
  region size 1024K, 5 young (5120K), 5 survivors (5120K)
 Metaspace       used 126426K, committed 127296K, reserved 1163264K
  class space    used 17304K, committed 17728K, reserved 1048576K
}
Event: 1459.444 GC heap before
{Heap before GC invocations=85 (full 0):
 garbage-first heap   total 317440K, used 164009K [0x0000000080000000, 0x0000000100000000)
  region size 1024K, 24 young (24576K), 5 survivors (5120K)
 Metaspace       used 126580K, committed 127488K, reserved 1163264K
  class space    used 17306K, committed 17792K, reserved 1048576K
}
Event: 1459.545 GC heap after
{Heap after GC invocations=86 (full 0):
 garbage-first heap   total 317440K, used 148002K [0x0000000080000000, 0x0000000100000000)
  region size 1024K, 3 young (3072K), 3 survivors (3072K)
 Metaspace       used 126580K, committed 127488K, reserved 1163264K
  class space    used 17306K, committed 17792K, reserved 1048576K
}
Event: 1465.098 GC heap before
{Heap before GC invocations=86 (full 0):
 garbage-first heap   total 317440K, used 187938K [0x0000000080000000, 0x0000000100000000)
  region size 1024K, 42 young (43008K), 3 survivors (3072K)
 Metaspace       used 126700K, committed 127680K, reserved 1163264K
  class space    used 17314K, committed 17792K, reserved 1048576K
}
Event: 1465.224 GC heap after
{Heap after GC invocations=87 (full 0):
 garbage-first heap   total 317440K, used 152576K [0x0000000080000000, 0x0000000100000000)
  region size 1024K, 6 young (6144K), 6 survivors (6144K)
 Metaspace       used 126700K, committed 127680K, reserved 1163264K
  class space    used 17314K, committed 17792K, reserved 1048576K
}
Event: 1465.502 GC heap before
{Heap before GC invocations=87 (full 0):
 garbage-first heap   total 317440K, used 160768K [0x0000000080000000, 0x0000000100000000)
  region size 1024K, 15 young (15360K), 6 survivors (6144K)
 Metaspace       used 126743K, committed 127680K, reserved 1163264K
  class space    used 17323K, committed 17792K, reserved 1048576K
}
Event: 1465.570 GC heap after
{Heap after GC invocations=88 (full 0):
 garbage-first heap   total 317440K, used 153793K [0x0000000080000000, 0x0000000100000000)
  region size 1024K, 1 young (1024K), 1 survivors (1024K)
 Metaspace       used 126743K, committed 127680K, reserved 1163264K
  class space    used 17323K, committed 17792K, reserved 1048576K
}
Event: 1676.478 GC heap before
{Heap before GC invocations=88 (full 0):
 garbage-first heap   total 317440K, used 206017K [0x0000000080000000, 0x0000000100000000)
  region size 1024K, 53 young (54272K), 1 survivors (1024K)
 Metaspace       used 127131K, committed 128128K, reserved 1163264K
  class space    used 17382K, committed 17856K, reserved 1048576K
}
Event: 1676.820 GC heap after
{Heap after GC invocations=89 (full 0):
 garbage-first heap   total 317440K, used 156618K [0x0000000080000000, 0x0000000100000000)
  region size 1024K, 4 young (4096K), 4 survivors (4096K)
 Metaspace       used 127131K, committed 128128K, reserved 1163264K
  class space    used 17382K, committed 17856K, reserved 1048576K
}
Event: 1681.323 GC heap before
{Heap before GC invocations=89 (full 0):
 garbage-first heap   total 317440K, used 183242K [0x0000000080000000, 0x0000000100000000)
  region size 1024K, 30 young (30720K), 4 survivors (4096K)
 Metaspace       used 127293K, committed 128256K, reserved 1163264K
  class space    used 17389K, committed 17856K, reserved 1048576K
}
Event: 1681.372 GC heap after
{Heap after GC invocations=90 (full 0):
 garbage-first heap   total 317440K, used 160268K [0x0000000080000000, 0x0000000100000000)
  region size 1024K, 4 young (4096K), 4 survivors (4096K)
 Metaspace       used 127293K, committed 128256K, reserved 1163264K
  class space    used 17389K, committed 17856K, reserved 1048576K
}
Event: 1684.593 GC heap before
{Heap before GC invocations=90 (full 0):
 garbage-first heap   total 317440K, used 202252K [0x0000000080000000, 0x0000000100000000)
  region size 1024K, 43 young (44032K), 4 survivors (4096K)
 Metaspace       used 128756K, committed 129728K, reserved 1163264K
  class space    used 17581K, committed 18048K, reserved 1048576K
}
Event: 1684.676 GC heap after
{Heap after GC invocations=91 (full 0):
 garbage-first heap   total 317440K, used 173332K [0x0000000080000000, 0x0000000100000000)
  region size 1024K, 6 young (6144K), 6 survivors (6144K)
 Metaspace       used 128756K, committed 129728K, reserved 1163264K
  class space    used 17581K, committed 18048K, reserved 1048576K
}
Event: 1685.309 GC heap before
{Heap before GC invocations=91 (full 0):
 garbage-first heap   total 317440K, used 192788K [0x0000000080000000, 0x0000000100000000)
  region size 1024K, 25 young (25600K), 6 survivors (6144K)
 Metaspace       used 129706K, committed 130688K, reserved 1163264K
  class space    used 17688K, committed 18176K, reserved 1048576K
}
Event: 1685.417 GC heap after
{Heap after GC invocations=92 (full 0):
 garbage-first heap   total 317440K, used 185344K [0x0000000080000000, 0x0000000100000000)
  region size 1024K, 4 young (4096K), 4 survivors (4096K)
 Metaspace       used 129706K, committed 130688K, reserved 1163264K
  class space    used 17688K, committed 18176K, reserved 1048576K
}
Event: 1685.773 GC heap before
{Heap before GC invocations=92 (full 0):
 garbage-first heap   total 317440K, used 195584K [0x0000000080000000, 0x0000000100000000)
  region size 1024K, 15 young (15360K), 4 survivors (4096K)
 Metaspace       used 130083K, committed 131136K, reserved 1163264K
  class space    used 17734K, committed 18304K, reserved 1048576K
}
Event: 1685.830 GC heap after
{Heap after GC invocations=93 (full 0):
 garbage-first heap   total 317440K, used 186746K [0x0000000080000000, 0x0000000100000000)
  region size 1024K, 1 young (1024K), 1 survivors (1024K)
 Metaspace       used 130083K, committed 131136K, reserved 1163264K
  class space    used 17734K, committed 18304K, reserved 1048576K
}
Event: 1686.565 GC heap before
{Heap before GC invocations=93 (full 0):
 garbage-first heap   total 317440K, used 226682K [0x0000000080000000, 0x0000000100000000)
  region size 1024K, 33 young (33792K), 1 survivors (1024K)
 Metaspace       used 130442K, committed 131520K, reserved 1163264K
  class space    used 17762K, committed 18304K, reserved 1048576K
}

