# JRE version: OpenJDK Runtime Environment (17.0.6) (build 17.0.6+0-b2043.56-10027231)
# Java VM: OpenJDK 64-Bit Server VM (17.0.6+0-b2043.56-10027231, mixed mode, tiered, compressed oops, compressed class ptrs, g1 gc, windows-amd64)
GC Precious Log:
 CPUs: 2 total, 2 available
 Memory: 3737M
 Large Page Support: Disabled
 NUMA Support: Disabled
 Compressed Oops: Enabled (32-bit)
 Heap Region Size: 1M
 Heap Min Capacity: 8M
 Heap Initial Capacity: 60M
 Heap Max Capacity: 2G
 Pre-touch: Disabled
 Parallel Workers: 2
 Concurrent Workers: 1
 Concurrent Refinement Workers: 2
 Periodic GC: Disabled
Heap:
 garbage-first heap   total 292864K, used 136698K [0x0000000080000000, 0x0000000100000000)
  region size 1024K, 42 young (43008K), 5 survivors (5120K)
 Metaspace       used 91697K, committed 92352K, reserved 1130496K
  class space    used 12369K, committed 12672K, reserved 1048576K
GC Heap History (20 events):
Event: 74.160 GC heap before
{Heap before GC invocations=34 (full 0):
 garbage-first heap   total 119808K, used 72240K [0x0000000080000000, 0x0000000100000000)
  region size 1024K, 5 young (5120K), 3 survivors (3072K)
 Metaspace       used 63208K, committed 63872K, reserved 1105920K
  class space    used 9003K, committed 9280K, reserved 1048576K
}
Event: 74.174 GC heap after
{Heap after GC invocations=35 (full 0):
 garbage-first heap   total 119808K, used 70054K [0x0000000080000000, 0x0000000100000000)
  region size 1024K, 1 young (1024K), 1 survivors (1024K)
 Metaspace       used 63208K, committed 63872K, reserved 1105920K
  class space    used 9003K, committed 9280K, reserved 1048576K
}
Event: 75.099 GC heap before
{Heap before GC invocations=35 (full 0):
 garbage-first heap   total 119808K, used 99750K [0x0000000080000000, 0x0000000100000000)
  region size 1024K, 30 young (30720K), 1 survivors (1024K)
 Metaspace       used 67154K, committed 67840K, reserved 1114112K
  class space    used 9523K, committed 9792K, reserved 1048576K
}
Event: 75.108 GC heap after
{Heap after GC invocations=36 (full 0):
 garbage-first heap   total 119808K, used 70407K [0x0000000080000000, 0x0000000100000000)
  region size 1024K, 1 young (1024K), 1 survivors (1024K)
 Metaspace       used 67154K, committed 67840K, reserved 1114112K
  class space    used 9523K, committed 9792K, reserved 1048576K
}
Event: 75.535 GC heap before
{Heap before GC invocations=37 (full 0):
 garbage-first heap   total 119808K, used 74503K [0x0000000080000000, 0x0000000100000000)
  region size 1024K, 6 young (6144K), 1 survivors (1024K)
 Metaspace       used 67869K, committed 68480K, reserved 1114112K
  class space    used 9604K, committed 9856K, reserved 1048576K
}
Event: 75.541 GC heap after
{Heap after GC invocations=38 (full 0):
 garbage-first heap   total 119808K, used 70521K [0x0000000080000000, 0x0000000100000000)
  region size 1024K, 1 young (1024K), 1 survivors (1024K)
 Metaspace       used 67869K, committed 68480K, reserved 1114112K
  class space    used 9604K, committed 9856K, reserved 1048576K
}
Event: 76.786 GC heap before
{Heap before GC invocations=39 (full 0):
 garbage-first heap   total 132096K, used 106361K [0x0000000080000000, 0x0000000100000000)
  region size 1024K, 32 young (32768K), 1 survivors (1024K)
 Metaspace       used 72070K, committed 72704K, reserved 1114112K
  class space    used 10145K, committed 10432K, reserved 1048576K
}
Event: 76.795 GC heap after
{Heap after GC invocations=40 (full 0):
 garbage-first heap   total 132096K, used 75368K [0x0000000080000000, 0x0000000100000000)
  region size 1024K, 2 young (2048K), 2 survivors (2048K)
 Metaspace       used 72070K, committed 72704K, reserved 1114112K
  class space    used 10145K, committed 10432K, reserved 1048576K
}
Event: 77.483 GC heap before
{Heap before GC invocations=40 (full 0):
 garbage-first heap   total 132096K, used 86632K [0x0000000080000000, 0x0000000100000000)
  region size 1024K, 14 young (14336K), 2 survivors (2048K)
 Metaspace       used 74078K, committed 74816K, reserved 1114112K
  class space    used 10390K, committed 10752K, reserved 1048576K
}
Event: 77.490 GC heap after
{Heap after GC invocations=41 (full 0):
 garbage-first heap   total 132096K, used 75676K [0x0000000080000000, 0x0000000100000000)
  region size 1024K, 2 young (2048K), 2 survivors (2048K)
 Metaspace       used 74078K, committed 74816K, reserved 1114112K
  class space    used 10390K, committed 10752K, reserved 1048576K
}
Event: 78.258 GC heap before
{Heap before GC invocations=42 (full 0):
 garbage-first heap   total 138240K, used 120732K [0x0000000080000000, 0x0000000100000000)
  region size 1024K, 39 young (39936K), 2 survivors (2048K)
 Metaspace       used 74506K, committed 75264K, reserved 1114112K
  class space    used 10426K, committed 10752K, reserved 1048576K
}
Event: 78.301 GC heap after
{Heap after GC invocations=43 (full 0):
 garbage-first heap   total 138240K, used 85225K [0x0000000080000000, 0x0000000100000000)
  region size 1024K, 5 young (5120K), 5 survivors (5120K)
 Metaspace       used 74506K, committed 75264K, reserved 1114112K
  class space    used 10426K, committed 10752K, reserved 1048576K
}
Event: 78.939 GC heap before
{Heap before GC invocations=43 (full 0):
 garbage-first heap   total 138240K, used 112873K [0x0000000080000000, 0x0000000100000000)
  region size 1024K, 32 young (32768K), 5 survivors (5120K)
 Metaspace       used 77792K, committed 78528K, reserved 1122304K
  class space    used 10810K, committed 11136K, reserved 1048576K
}
Event: 78.957 GC heap after
{Heap after GC invocations=44 (full 0):
 garbage-first heap   total 138240K, used 87324K [0x0000000080000000, 0x0000000100000000)
  region size 1024K, 2 young (2048K), 2 survivors (2048K)
 Metaspace       used 77792K, committed 78528K, reserved 1122304K
  class space    used 10810K, committed 11136K, reserved 1048576K
}
Event: 79.238 GC heap before
{Heap before GC invocations=45 (full 0):
 garbage-first heap   total 153600K, used 94492K [0x0000000080000000, 0x0000000100000000)
  region size 1024K, 10 young (10240K), 2 survivors (2048K)
 Metaspace       used 78535K, committed 79296K, reserved 1122304K
  class space    used 10901K, committed 11264K, reserved 1048576K
}
Event: 79.246 GC heap after
{Heap after GC invocations=46 (full 0):
 garbage-first heap   total 153600K, used 87971K [0x0000000080000000, 0x0000000100000000)
  region size 1024K, 2 young (2048K), 2 survivors (2048K)
 Metaspace       used 78535K, committed 79296K, reserved 1122304K
  class space    used 10901K, committed 11264K, reserved 1048576K
}
Event: 80.530 GC heap before
{Heap before GC invocations=47 (full 0):
 garbage-first heap   total 162816K, used 133027K [0x0000000080000000, 0x0000000100000000)
  region size 1024K, 39 young (39936K), 2 survivors (2048K)
 Metaspace       used 82633K, committed 83328K, reserved 1122304K
  class space    used 11295K, committed 11648K, reserved 1048576K
}
Event: 80.551 GC heap after
{Heap after GC invocations=48 (full 0):
 garbage-first heap   total 162816K, used 97979K [0x0000000080000000, 0x0000000100000000)
  region size 1024K, 5 young (5120K), 5 survivors (5120K)
 Metaspace       used 82633K, committed 83328K, reserved 1122304K
  class space    used 11295K, committed 11648K, reserved 1048576K
}
Event: 81.767 GC heap before
{Heap before GC invocations=48 (full 0):
 garbage-first heap   total 162816K, used 134843K [0x0000000080000000, 0x0000000100000000)
  region size 1024K, 41 young (41984K), 5 survivors (5120K)
 Metaspace       used 87122K, committed 87872K, reserved 1130496K
  class space    used 11779K, committed 12096K, reserved 1048576K
}
Event: 81.787 GC heap after
{Heap after GC invocations=49 (full 0):
 garbage-first heap   total 292864K, used 99834K [0x0000000080000000, 0x0000000100000000)
  region size 1024K, 5 young (5120K), 5 survivors (5120K)
 Metaspace       used 87122K, committed 87872K, reserved 1130496K
  class space    used 11779K, committed 12096K, reserved 1048576K
}

