# JRE version: OpenJDK Runtime Environment (17.0.6) (build 17.0.6+0-b2043.56-10027231)
# Java VM: OpenJDK 64-Bit Server VM (17.0.6+0-b2043.56-10027231, mixed mode, tiered, compressed oops, compressed class ptrs, g1 gc, windows-amd64)
GC Precious Log:
 CPUs: 2 total, 2 available
 Memory: 3737M
 Large Page Support: Disabled
 NUMA Support: Disabled
 Compressed Oops: Enabled (32-bit)
 Heap Region Size: 1M
 Heap Min Capacity: 8M
 Heap Initial Capacity: 60M
 Heap Max Capacity: 2G
 Pre-touch: Disabled
 Parallel Workers: 2
 Concurrent Workers: 1
 Concurrent Refinement Workers: 2
 Periodic GC: Disabled
Heap:
 garbage-first heap   total 372736K, used 289166K [0x0000000080000000, 0x0000000100000000)
  region size 1024K, 62 young (63488K), 8 survivors (8192K)
 Metaspace       used 138815K, committed 140160K, reserved 1171456K
  class space    used 18550K, committed 19200K, reserved 1048576K
GC Heap History (20 events):
Event: 711.340 GC heap before
{Heap before GC invocations=63 (full 0):
 garbage-first heap   total 372736K, used 316838K [0x0000000080000000, 0x0000000100000000)
  region size 1024K, 94 young (96256K), 7 survivors (7168K)
 Metaspace       used 128541K, committed 129856K, reserved 1163264K
  class space    used 17358K, committed 17984K, reserved 1048576K
}
Event: 711.395 GC heap after
{Heap after GC invocations=64 (full 0):
 garbage-first heap   total 372736K, used 227830K [0x0000000080000000, 0x0000000100000000)
  region size 1024K, 1 young (1024K), 1 survivors (1024K)
 Metaspace       used 128541K, committed 129856K, reserved 1163264K
  class space    used 17358K, committed 17984K, reserved 1048576K
}
Event: 712.772 GC heap before
{Heap before GC invocations=64 (full 0):
 garbage-first heap   total 372736K, used 319990K [0x0000000080000000, 0x0000000100000000)
  region size 1024K, 91 young (93184K), 1 survivors (1024K)
 Metaspace       used 128545K, committed 129856K, reserved 1163264K
  class space    used 17358K, committed 17984K, reserved 1048576K
}
Event: 712.780 GC heap after
{Heap after GC invocations=65 (full 0):
 garbage-first heap   total 372736K, used 227413K [0x0000000080000000, 0x0000000100000000)
  region size 1024K, 1 young (1024K), 1 survivors (1024K)
 Metaspace       used 128545K, committed 129856K, reserved 1163264K
  class space    used 17358K, committed 17984K, reserved 1048576K
}
Event: 714.838 GC heap before
{Heap before GC invocations=65 (full 0):
 garbage-first heap   total 372736K, used 325717K [0x0000000080000000, 0x0000000100000000)
  region size 1024K, 94 young (96256K), 1 survivors (1024K)
 Metaspace       used 128556K, committed 129856K, reserved 1163264K
  class space    used 17360K, committed 17984K, reserved 1048576K
}
Event: 714.843 GC heap after
{Heap after GC invocations=66 (full 0):
 garbage-first heap   total 372736K, used 229683K [0x0000000080000000, 0x0000000100000000)
  region size 1024K, 1 young (1024K), 1 survivors (1024K)
 Metaspace       used 128556K, committed 129856K, reserved 1163264K
  class space    used 17360K, committed 17984K, reserved 1048576K
}
Event: 715.587 GC heap before
{Heap before GC invocations=66 (full 0):
 garbage-first heap   total 372736K, used 324915K [0x0000000080000000, 0x0000000100000000)
  region size 1024K, 94 young (96256K), 1 survivors (1024K)
 Metaspace       used 128557K, committed 129856K, reserved 1163264K
  class space    used 17360K, committed 17984K, reserved 1048576K
}
Event: 715.593 GC heap after
{Heap after GC invocations=67 (full 0):
 garbage-first heap   total 372736K, used 230075K [0x0000000080000000, 0x0000000100000000)
  region size 1024K, 2 young (2048K), 2 survivors (2048K)
 Metaspace       used 128557K, committed 129856K, reserved 1163264K
  class space    used 17360K, committed 17984K, reserved 1048576K
}
Event: 718.628 GC heap before
{Heap before GC invocations=67 (full 0):
 garbage-first heap   total 372736K, used 325307K [0x0000000080000000, 0x0000000100000000)
  region size 1024K, 95 young (97280K), 2 survivors (2048K)
 Metaspace       used 131666K, committed 132992K, reserved 1163264K
  class space    used 17811K, committed 18432K, reserved 1048576K
}
Event: 718.651 GC heap after
{Heap after GC invocations=68 (full 0):
 garbage-first heap   total 372736K, used 228202K [0x0000000080000000, 0x0000000100000000)
  region size 1024K, 2 young (2048K), 2 survivors (2048K)
 Metaspace       used 131666K, committed 132992K, reserved 1163264K
  class space    used 17811K, committed 18432K, reserved 1048576K
}
Event: 723.581 GC heap before
{Heap before GC invocations=68 (full 0):
 garbage-first heap   total 372736K, used 327530K [0x0000000080000000, 0x0000000100000000)
  region size 1024K, 98 young (100352K), 2 survivors (2048K)
 Metaspace       used 138793K, committed 140096K, reserved 1171456K
  class space    used 18550K, committed 19200K, reserved 1048576K
}
Event: 723.608 GC heap after
{Heap after GC invocations=69 (full 0):
 garbage-first heap   total 372736K, used 233091K [0x0000000080000000, 0x0000000100000000)
  region size 1024K, 5 young (5120K), 5 survivors (5120K)
 Metaspace       used 138793K, committed 140096K, reserved 1171456K
  class space    used 18550K, committed 19200K, reserved 1048576K
}
Event: 725.274 GC heap before
{Heap before GC invocations=69 (full 0):
 garbage-first heap   total 372736K, used 324227K [0x0000000080000000, 0x0000000100000000)
  region size 1024K, 95 young (97280K), 5 survivors (5120K)
 Metaspace       used 138801K, committed 140096K, reserved 1171456K
  class space    used 18550K, committed 19200K, reserved 1048576K
}
Event: 725.292 GC heap after
{Heap after GC invocations=70 (full 0):
 garbage-first heap   total 372736K, used 231699K [0x0000000080000000, 0x0000000100000000)
  region size 1024K, 5 young (5120K), 5 survivors (5120K)
 Metaspace       used 138801K, committed 140096K, reserved 1171456K
  class space    used 18550K, committed 19200K, reserved 1048576K
}
Event: 727.104 GC heap before
{Heap before GC invocations=70 (full 0):
 garbage-first heap   total 372736K, used 325907K [0x0000000080000000, 0x0000000100000000)
  region size 1024K, 97 young (99328K), 5 survivors (5120K)
 Metaspace       used 138804K, committed 140096K, reserved 1171456K
  class space    used 18550K, committed 19200K, reserved 1048576K
}
Event: 727.127 GC heap after
{Heap after GC invocations=71 (full 0):
 garbage-first heap   total 372736K, used 233775K [0x0000000080000000, 0x0000000100000000)
  region size 1024K, 7 young (7168K), 7 survivors (7168K)
 Metaspace       used 138804K, committed 140096K, reserved 1171456K
  class space    used 18550K, committed 19200K, reserved 1048576K
}
Event: 728.696 GC heap before
{Heap before GC invocations=71 (full 0):
 garbage-first heap   total 372736K, used 324911K [0x0000000080000000, 0x0000000100000000)
  region size 1024K, 97 young (99328K), 7 survivors (7168K)
 Metaspace       used 138805K, committed 140096K, reserved 1171456K
  class space    used 18550K, committed 19200K, reserved 1048576K
}
Event: 728.719 GC heap after
{Heap after GC invocations=72 (full 0):
 garbage-first heap   total 372736K, used 234486K [0x0000000080000000, 0x0000000100000000)
  region size 1024K, 8 young (8192K), 8 survivors (8192K)
 Metaspace       used 138805K, committed 140096K, reserved 1171456K
  class space    used 18550K, committed 19200K, reserved 1048576K
}
Event: 735.631 GC heap before
{Heap before GC invocations=72 (full 0):
 garbage-first heap   total 372736K, used 325622K [0x0000000080000000, 0x0000000100000000)
  region size 1024K, 97 young (99328K), 8 survivors (8192K)
 Metaspace       used 138806K, committed 140096K, reserved 1171456K
  class space    used 18550K, committed 19200K, reserved 1048576K
}
Event: 735.677 GC heap after
{Heap after GC invocations=73 (full 0):
 garbage-first heap   total 372736K, used 234894K [0x0000000080000000, 0x0000000100000000)
  region size 1024K, 8 young (8192K), 8 survivors (8192K)
 Metaspace       used 138806K, committed 140096K, reserved 1171456K
  class space    used 18550K, committed 19200K, reserved 1048576K
}

