# JRE version: OpenJDK Runtime Environment (17.0.6) (build 17.0.6+0-b2043.56-10027231)
# Java VM: OpenJDK 64-Bit Server VM (17.0.6+0-b2043.56-10027231, mixed mode, tiered, compressed oops, compressed class ptrs, g1 gc, windows-amd64)
GC Precious Log:
 CPUs: 2 total, 2 available
 Memory: 3737M
 Large Page Support: Disabled
 NUMA Support: Disabled
 Compressed Oops: Enabled (32-bit)
 Heap Region Size: 1M
 Heap Min Capacity: 8M
 Heap Initial Capacity: 60M
 Heap Max Capacity: 2G
 Pre-touch: Disabled
 Parallel Workers: 2
 Concurrent Workers: 1
 Concurrent Refinement Workers: 2
 Periodic GC: Disabled
Heap:
 garbage-first heap   total 119808K, used 71868K [0x0000000080000000, 0x0000000100000000)
  region size 1024K, 3 young (3072K), 2 survivors (2048K)
 Metaspace       used 55951K, committed 56576K, reserved 1097728K
  class space    used 7535K, committed 7808K, reserved 1048576K
GC Heap History (20 events):
Event: 34.702 GC heap before
{Heap before GC invocations=22 (full 0):
 garbage-first heap   total 97280K, used 57559K [0x0000000080000000, 0x0000000100000000)
  region size 1024K, 4 young (4096K), 3 survivors (3072K)
 Metaspace       used 42378K, committed 42752K, reserved 1089536K
  class space    used 5633K, committed 5824K, reserved 1048576K
}
Event: 34.708 GC heap after
{Heap after GC invocations=23 (full 0):
 garbage-first heap   total 97280K, used 57198K [0x0000000080000000, 0x0000000100000000)
  region size 1024K, 1 young (1024K), 1 survivors (1024K)
 Metaspace       used 42378K, committed 42752K, reserved 1089536K
  class space    used 5633K, committed 5824K, reserved 1048576K
}
Event: 37.571 GC heap before
{Heap before GC invocations=24 (full 0):
 garbage-first heap   total 102400K, used 80750K [0x0000000080000000, 0x0000000100000000)
  region size 1024K, 22 young (22528K), 1 survivors (1024K)
 Metaspace       used 45937K, committed 46336K, reserved 1089536K
  class space    used 6061K, committed 6272K, reserved 1048576K
}
Event: 37.585 GC heap after
{Heap after GC invocations=25 (full 0):
 garbage-first heap   total 102400K, used 57540K [0x0000000080000000, 0x0000000100000000)
  region size 1024K, 2 young (2048K), 2 survivors (2048K)
 Metaspace       used 45937K, committed 46336K, reserved 1089536K
  class space    used 6061K, committed 6272K, reserved 1048576K
}
Event: 39.574 GC heap before
{Heap before GC invocations=25 (full 0):
 garbage-first heap   total 102400K, used 66756K [0x0000000080000000, 0x0000000100000000)
  region size 1024K, 12 young (12288K), 2 survivors (2048K)
 Metaspace       used 46802K, committed 47296K, reserved 1097728K
  class space    used 6199K, committed 6400K, reserved 1048576K
}
Event: 39.582 GC heap after
{Heap after GC invocations=26 (full 0):
 garbage-first heap   total 102400K, used 59314K [0x0000000080000000, 0x0000000100000000)
  region size 1024K, 4 young (4096K), 4 survivors (4096K)
 Metaspace       used 46802K, committed 47296K, reserved 1097728K
  class space    used 6199K, committed 6400K, reserved 1048576K
}
Event: 39.760 GC heap before
{Heap before GC invocations=27 (full 0):
 garbage-first heap   total 102400K, used 62386K [0x0000000080000000, 0x0000000100000000)
  region size 1024K, 5 young (5120K), 4 survivors (4096K)
 Metaspace       used 46802K, committed 47296K, reserved 1097728K
  class space    used 6199K, committed 6400K, reserved 1048576K
}
Event: 39.768 GC heap after
{Heap after GC invocations=28 (full 0):
 garbage-first heap   total 102400K, used 63108K [0x0000000080000000, 0x0000000100000000)
  region size 1024K, 3 young (3072K), 3 survivors (3072K)
 Metaspace       used 46802K, committed 47296K, reserved 1097728K
  class space    used 6199K, committed 6400K, reserved 1048576K
}
Event: 40.768 GC heap before
{Heap before GC invocations=29 (full 0):
 garbage-first heap   total 114688K, used 83588K [0x0000000080000000, 0x0000000100000000)
  region size 1024K, 20 young (20480K), 3 survivors (3072K)
 Metaspace       used 48927K, committed 49408K, reserved 1097728K
  class space    used 6370K, committed 6592K, reserved 1048576K
}
Event: 40.777 GC heap after
{Heap after GC invocations=30 (full 0):
 garbage-first heap   total 114688K, used 67907K [0x0000000080000000, 0x0000000100000000)
  region size 1024K, 3 young (3072K), 3 survivors (3072K)
 Metaspace       used 48927K, committed 49408K, reserved 1097728K
  class space    used 6370K, committed 6592K, reserved 1048576K
}
Event: 40.909 GC heap before
{Heap before GC invocations=30 (full 0):
 garbage-first heap   total 114688K, used 69955K [0x0000000080000000, 0x0000000100000000)
  region size 1024K, 5 young (5120K), 3 survivors (3072K)
 Metaspace       used 49025K, committed 49472K, reserved 1097728K
  class space    used 6384K, committed 6592K, reserved 1048576K
}
Event: 40.918 GC heap after
{Heap after GC invocations=31 (full 0):
 garbage-first heap   total 114688K, used 68060K [0x0000000080000000, 0x0000000100000000)
  region size 1024K, 1 young (1024K), 1 survivors (1024K)
 Metaspace       used 49025K, committed 49472K, reserved 1097728K
  class space    used 6384K, committed 6592K, reserved 1048576K
}
Event: 67.541 GC heap before
{Heap before GC invocations=31 (full 0):
 garbage-first heap   total 114688K, used 89564K [0x0000000080000000, 0x0000000100000000)
  region size 1024K, 22 young (22528K), 1 survivors (1024K)
 Metaspace       used 50158K, committed 50624K, reserved 1097728K
  class space    used 6559K, committed 6784K, reserved 1048576K
}
Event: 67.549 GC heap after
{Heap after GC invocations=32 (full 0):
 garbage-first heap   total 114688K, used 69474K [0x0000000080000000, 0x0000000100000000)
  region size 1024K, 2 young (2048K), 2 survivors (2048K)
 Metaspace       used 50158K, committed 50624K, reserved 1097728K
  class space    used 6559K, committed 6784K, reserved 1048576K
}
Event: 70.000 GC heap before
{Heap before GC invocations=33 (full 0):
 garbage-first heap   total 119808K, used 92002K [0x0000000080000000, 0x0000000100000000)
  region size 1024K, 24 young (24576K), 2 survivors (2048K)
 Metaspace       used 52635K, committed 53248K, reserved 1097728K
  class space    used 7015K, committed 7296K, reserved 1048576K
}
Event: 70.012 GC heap after
{Heap after GC invocations=34 (full 0):
 garbage-first heap   total 119808K, used 71090K [0x0000000080000000, 0x0000000100000000)
  region size 1024K, 3 young (3072K), 3 survivors (3072K)
 Metaspace       used 52635K, committed 53248K, reserved 1097728K
  class space    used 7015K, committed 7296K, reserved 1048576K
}
Event: 70.089 GC heap before
{Heap before GC invocations=34 (full 0):
 garbage-first heap   total 119808K, used 73138K [0x0000000080000000, 0x0000000100000000)
  region size 1024K, 5 young (5120K), 3 survivors (3072K)
 Metaspace       used 52852K, committed 53440K, reserved 1097728K
  class space    used 7048K, committed 7360K, reserved 1048576K
}
Event: 70.102 GC heap after
{Heap after GC invocations=35 (full 0):
 garbage-first heap   total 119808K, used 71024K [0x0000000080000000, 0x0000000100000000)
  region size 1024K, 1 young (1024K), 1 survivors (1024K)
 Metaspace       used 52852K, committed 53440K, reserved 1097728K
  class space    used 7048K, committed 7360K, reserved 1048576K
}
Event: 73.620 GC heap before
{Heap before GC invocations=35 (full 0):
 garbage-first heap   total 119808K, used 95600K [0x0000000080000000, 0x0000000100000000)
  region size 1024K, 25 young (25600K), 1 survivors (1024K)
 Metaspace       used 55946K, committed 56576K, reserved 1097728K
  class space    used 7535K, committed 7808K, reserved 1048576K
}
Event: 73.629 GC heap after
{Heap after GC invocations=36 (full 0):
 garbage-first heap   total 119808K, used 71868K [0x0000000080000000, 0x0000000100000000)
  region size 1024K, 2 young (2048K), 2 survivors (2048K)
 Metaspace       used 55946K, committed 56576K, reserved 1097728K
  class space    used 7535K, committed 7808K, reserved 1048576K
}

