# JRE version: OpenJDK Runtime Environment (17.0.6) (build 17.0.6+0-b2043.56-10027231)
# Java VM: OpenJDK 64-Bit Server VM (17.0.6+0-b2043.56-10027231, mixed mode, tiered, compressed oops, compressed class ptrs, g1 gc, windows-amd64)
GC Precious Log:
 CPUs: 2 total, 2 available
 Memory: 3737M
 Large Page Support: Disabled
 NUMA Support: Disabled
 Compressed Oops: Enabled (32-bit)
 Heap Region Size: 1M
 Heap Min Capacity: 8M
 Heap Initial Capacity: 60M
 Heap Max Capacity: 2G
 Pre-touch: Disabled
 Parallel Workers: 2
 Concurrent Workers: 1
 Concurrent Refinement Workers: 2
 Periodic GC: Disabled
Heap:
 garbage-first heap   total 329728K, used 147103K [0x0000000080000000, 0x0000000100000000)
  region size 1024K, 2 young (2048K), 2 survivors (2048K)
 Metaspace       used 122537K, committed 123264K, reserved 1163264K
  class space    used 16524K, committed 16896K, reserved 1048576K
GC Heap History (20 events):
Event: 61.103 GC heap after
{Heap after GC invocations=65 (full 0):
 garbage-first heap   total 329728K, used 158758K [0x0000000080000000, 0x0000000100000000)
  region size 1024K, 2 young (2048K), 2 survivors (2048K)
 Metaspace       used 104861K, committed 105600K, reserved 1146880K
  class space    used 14157K, committed 14528K, reserved 1048576K
}
Event: 63.021 GC heap before
{Heap before GC invocations=65 (full 0):
 garbage-first heap   total 329728K, used 267302K [0x0000000080000000, 0x0000000100000000)
  region size 1024K, 109 young (111616K), 2 survivors (2048K)
 Metaspace       used 104895K, committed 105664K, reserved 1146880K
  class space    used 14161K, committed 14528K, reserved 1048576K
}
Event: 63.029 GC heap after
{Heap after GC invocations=66 (full 0):
 garbage-first heap   total 329728K, used 158939K [0x0000000080000000, 0x0000000100000000)
  region size 1024K, 2 young (2048K), 2 survivors (2048K)
 Metaspace       used 104895K, committed 105664K, reserved 1146880K
  class space    used 14161K, committed 14528K, reserved 1048576K
}
Event: 67.199 GC heap before
{Heap before GC invocations=66 (full 0):
 garbage-first heap   total 329728K, used 281819K [0x0000000080000000, 0x0000000100000000)
  region size 1024K, 123 young (125952K), 2 survivors (2048K)
 Metaspace       used 105220K, committed 105984K, reserved 1146880K
  class space    used 14210K, committed 14592K, reserved 1048576K
}
Event: 67.214 GC heap after
{Heap after GC invocations=67 (full 0):
 garbage-first heap   total 329728K, used 160222K [0x0000000080000000, 0x0000000100000000)
  region size 1024K, 4 young (4096K), 4 survivors (4096K)
 Metaspace       used 105220K, committed 105984K, reserved 1146880K
  class space    used 14210K, committed 14592K, reserved 1048576K
}
Event: 71.300 GC heap before
{Heap before GC invocations=67 (full 0):
 garbage-first heap   total 329728K, used 273886K [0x0000000080000000, 0x0000000100000000)
  region size 1024K, 117 young (119808K), 4 survivors (4096K)
 Metaspace       used 116003K, committed 116736K, reserved 1155072K
  class space    used 15721K, committed 16128K, reserved 1048576K
}
Event: 71.348 GC heap after
{Heap after GC invocations=68 (full 0):
 garbage-first heap   total 329728K, used 167211K [0x0000000080000000, 0x0000000100000000)
  region size 1024K, 10 young (10240K), 10 survivors (10240K)
 Metaspace       used 116003K, committed 116736K, reserved 1155072K
  class space    used 15721K, committed 16128K, reserved 1048576K
}
Event: 76.227 GC heap before
{Heap before GC invocations=69 (full 0):
 garbage-first heap   total 329728K, used 247083K [0x0000000080000000, 0x0000000100000000)
  region size 1024K, 120 young (122880K), 10 survivors (10240K)
 Metaspace       used 119390K, committed 120128K, reserved 1155072K
  class space    used 16094K, committed 16448K, reserved 1048576K
}
Event: 76.258 GC heap after
{Heap after GC invocations=70 (full 0):
 garbage-first heap   total 329728K, used 134442K [0x0000000080000000, 0x0000000100000000)
  region size 1024K, 7 young (7168K), 7 survivors (7168K)
 Metaspace       used 119390K, committed 120128K, reserved 1155072K
  class space    used 16094K, committed 16448K, reserved 1048576K
}
Event: 76.595 GC heap before
{Heap before GC invocations=70 (full 0):
 garbage-first heap   total 329728K, used 143658K [0x0000000080000000, 0x0000000100000000)
  region size 1024K, 16 young (16384K), 7 survivors (7168K)
 Metaspace       used 119435K, committed 120192K, reserved 1155072K
  class space    used 16094K, committed 16448K, reserved 1048576K
}
Event: 76.612 GC heap after
{Heap after GC invocations=71 (full 0):
 garbage-first heap   total 329728K, used 129464K [0x0000000080000000, 0x0000000100000000)
  region size 1024K, 1 young (1024K), 1 survivors (1024K)
 Metaspace       used 119435K, committed 120192K, reserved 1155072K
  class space    used 16094K, committed 16448K, reserved 1048576K
}
Event: 78.662 GC heap before
{Heap before GC invocations=71 (full 0):
 garbage-first heap   total 329728K, used 281016K [0x0000000080000000, 0x0000000100000000)
  region size 1024K, 149 young (152576K), 1 survivors (1024K)
 Metaspace       used 119600K, committed 120384K, reserved 1155072K
  class space    used 16104K, committed 16512K, reserved 1048576K
}
Event: 78.683 GC heap after
{Heap after GC invocations=72 (full 0):
 garbage-first heap   total 329728K, used 129929K [0x0000000080000000, 0x0000000100000000)
  region size 1024K, 2 young (2048K), 2 survivors (2048K)
 Metaspace       used 119600K, committed 120384K, reserved 1155072K
  class space    used 16104K, committed 16512K, reserved 1048576K
}
Event: 82.823 GC heap before
{Heap before GC invocations=73 (full 0):
 garbage-first heap   total 329728K, used 285577K [0x0000000080000000, 0x0000000100000000)
  region size 1024K, 153 young (156672K), 2 survivors (2048K)
 Metaspace       used 122363K, committed 123136K, reserved 1163264K
  class space    used 16499K, committed 16896K, reserved 1048576K
}
Event: 82.837 GC heap after
{Heap after GC invocations=74 (full 0):
 garbage-first heap   total 329728K, used 133864K [0x0000000080000000, 0x0000000100000000)
  region size 1024K, 6 young (6144K), 6 survivors (6144K)
 Metaspace       used 122363K, committed 123136K, reserved 1163264K
  class space    used 16499K, committed 16896K, reserved 1048576K
}
Event: 82.939 GC heap before
{Heap before GC invocations=74 (full 0):
 garbage-first heap   total 329728K, used 144104K [0x0000000080000000, 0x0000000100000000)
  region size 1024K, 16 young (16384K), 6 survivors (6144K)
 Metaspace       used 122371K, committed 123136K, reserved 1163264K
  class space    used 16499K, committed 16896K, reserved 1048576K
}
Event: 82.957 GC heap after
{Heap after GC invocations=75 (full 0):
 garbage-first heap   total 329728K, used 131746K [0x0000000080000000, 0x0000000100000000)
  region size 1024K, 2 young (2048K), 2 survivors (2048K)
 Metaspace       used 122371K, committed 123136K, reserved 1163264K
  class space    used 16499K, committed 16896K, reserved 1048576K
}
Event: 84.989 GC heap before
{Heap before GC invocations=75 (full 0):
 garbage-first heap   total 329728K, used 281250K [0x0000000080000000, 0x0000000100000000)
  region size 1024K, 148 young (151552K), 2 survivors (2048K)
 Metaspace       used 122451K, committed 123200K, reserved 1163264K
  class space    used 16511K, committed 16896K, reserved 1048576K
}
Event: 85.057 GC heap after
{Heap after GC invocations=76 (full 0):
 garbage-first heap   total 329728K, used 147604K [0x0000000080000000, 0x0000000100000000)
  region size 1024K, 18 young (18432K), 18 survivors (18432K)
 Metaspace       used 122451K, committed 123200K, reserved 1163264K
  class space    used 16511K, committed 16896K, reserved 1048576K
}
Event: 86.740 GC heap before
{Heap before GC invocations=76 (full 0):
 garbage-first heap   total 329728K, used 272532K [0x0000000080000000, 0x0000000100000000)
  region size 1024K, 140 young (143360K), 18 survivors (18432K)
 Metaspace       used 122537K, committed 123264K, reserved 1163264K
  class space    used 16524K, committed 16896K, reserved 1048576K
}

