# JRE version: OpenJDK Runtime Environment (17.0.6) (build 17.0.6+0-b2043.56-10027231)
# Java VM: OpenJDK 64-Bit Server VM (17.0.6+0-b2043.56-10027231, mixed mode, tiered, compressed oops, compressed class ptrs, g1 gc, windows-amd64)
GC Precious Log:
 CPUs: 2 total, 2 available
 Memory: 3737M
 Large Page Support: Disabled
 NUMA Support: Disabled
 Compressed Oops: Enabled (32-bit)
 Heap Region Size: 1M
 Heap Min Capacity: 8M
 Heap Initial Capacity: 60M
 Heap Max Capacity: 2G
 Pre-touch: Disabled
 Parallel Workers: 2
 Concurrent Workers: 1
 Concurrent Refinement Workers: 2
 Periodic GC: Disabled
Heap:
 garbage-first heap   total 338944K, used 176128K [0x0000000080000000, 0x0000000100000000)
  region size 1024K, 9 young (9216K), 9 survivors (9216K)
 Metaspace       used 133048K, committed 134016K, reserved 1171456K
  class space    used 17807K, committed 18304K, reserved 1048576K
GC Heap History (20 events):
Event: 105.069 GC heap after
{Heap after GC invocations=53 (full 0):
 garbage-first heap   total 290816K, used 137075K [0x0000000080000000, 0x0000000100000000)
  region size 1024K, 9 young (9216K), 9 survivors (9216K)
 Metaspace       used 128770K, committed 129600K, reserved 1163264K
  class space    used 17350K, committed 17792K, reserved 1048576K
}
Event: 105.096 GC heap before
{Heap before GC invocations=53 (full 0):
 garbage-first heap   total 290816K, used 139123K [0x0000000080000000, 0x0000000100000000)
  region size 1024K, 11 young (11264K), 9 survivors (9216K)
 Metaspace       used 128770K, committed 129600K, reserved 1163264K
  class space    used 17350K, committed 17792K, reserved 1048576K
}
Event: 105.118 GC heap after
{Heap after GC invocations=54 (full 0):
 garbage-first heap   total 290816K, used 137590K [0x0000000080000000, 0x0000000100000000)
  region size 1024K, 7 young (7168K), 7 survivors (7168K)
 Metaspace       used 128770K, committed 129600K, reserved 1163264K
  class space    used 17350K, committed 17792K, reserved 1048576K
}
Event: 245.638 GC heap before
{Heap before GC invocations=55 (full 0):
 garbage-first heap   total 290816K, used 267638K [0x0000000080000000, 0x0000000100000000)
  region size 1024K, 110 young (112640K), 7 survivors (7168K)
 Metaspace       used 132141K, committed 133056K, reserved 1171456K
  class space    used 17770K, committed 18240K, reserved 1048576K
}
Event: 246.195 GC heap after
{Heap after GC invocations=56 (full 0):
 garbage-first heap   total 290816K, used 139126K [0x0000000080000000, 0x0000000100000000)
  region size 1024K, 9 young (9216K), 9 survivors (9216K)
 Metaspace       used 132141K, committed 133056K, reserved 1171456K
  class space    used 17770K, committed 18240K, reserved 1048576K
}
Event: 246.922 GC heap before
{Heap before GC invocations=56 (full 0):
 garbage-first heap   total 290816K, used 144246K [0x0000000080000000, 0x0000000100000000)
  region size 1024K, 14 young (14336K), 9 survivors (9216K)
 Metaspace       used 132236K, committed 133184K, reserved 1171456K
  class space    used 17774K, committed 18240K, reserved 1048576K
}
Event: 247.025 GC heap after
{Heap after GC invocations=57 (full 0):
 garbage-first heap   total 290816K, used 135920K [0x0000000080000000, 0x0000000100000000)
  region size 1024K, 1 young (1024K), 1 survivors (1024K)
 Metaspace       used 132236K, committed 133184K, reserved 1171456K
  class space    used 17774K, committed 18240K, reserved 1048576K
}
Event: 248.244 GC heap before
{Heap before GC invocations=57 (full 0):
 garbage-first heap   total 290816K, used 156400K [0x0000000080000000, 0x0000000100000000)
  region size 1024K, 22 young (22528K), 1 survivors (1024K)
 Metaspace       used 132294K, committed 133184K, reserved 1171456K
  class space    used 17774K, committed 18240K, reserved 1048576K
}
Event: 248.285 GC heap after
{Heap after GC invocations=58 (full 0):
 garbage-first heap   total 290816K, used 138483K [0x0000000080000000, 0x0000000100000000)
  region size 1024K, 4 young (4096K), 4 survivors (4096K)
 Metaspace       used 132294K, committed 133184K, reserved 1171456K
  class space    used 17774K, committed 18240K, reserved 1048576K
}
Event: 258.538 GC heap before
{Heap before GC invocations=59 (full 0):
 garbage-first heap   total 290816K, used 270579K [0x0000000080000000, 0x0000000100000000)
  region size 1024K, 102 young (104448K), 4 survivors (4096K)
 Metaspace       used 132537K, committed 133440K, reserved 1171456K
  class space    used 17784K, committed 18240K, reserved 1048576K
}
Event: 258.569 GC heap after
{Heap after GC invocations=60 (full 0):
 garbage-first heap   total 290816K, used 143088K [0x0000000080000000, 0x0000000100000000)
  region size 1024K, 9 young (9216K), 9 survivors (9216K)
 Metaspace       used 132537K, committed 133440K, reserved 1171456K
  class space    used 17784K, committed 18240K, reserved 1048576K
}
Event: 258.612 GC heap before
{Heap before GC invocations=60 (full 0):
 garbage-first heap   total 290816K, used 148208K [0x0000000080000000, 0x0000000100000000)
  region size 1024K, 14 young (14336K), 9 survivors (9216K)
 Metaspace       used 132537K, committed 133440K, reserved 1171456K
  class space    used 17784K, committed 18240K, reserved 1048576K
}
Event: 258.656 GC heap after
{Heap after GC invocations=61 (full 0):
 garbage-first heap   total 290816K, used 141785K [0x0000000080000000, 0x0000000100000000)
  region size 1024K, 2 young (2048K), 2 survivors (2048K)
 Metaspace       used 132537K, committed 133440K, reserved 1171456K
  class space    used 17784K, committed 18240K, reserved 1048576K
}
Event: 259.908 GC heap before
{Heap before GC invocations=61 (full 0):
 garbage-first heap   total 290816K, used 173529K [0x0000000080000000, 0x0000000100000000)
  region size 1024K, 35 young (35840K), 2 survivors (2048K)
 Metaspace       used 132633K, committed 133568K, reserved 1171456K
  class space    used 17788K, committed 18240K, reserved 1048576K
}
Event: 259.917 GC heap after
{Heap after GC invocations=62 (full 0):
 garbage-first heap   total 290816K, used 141316K [0x0000000080000000, 0x0000000100000000)
  region size 1024K, 2 young (2048K), 2 survivors (2048K)
 Metaspace       used 132633K, committed 133568K, reserved 1171456K
  class space    used 17788K, committed 18240K, reserved 1048576K
}
Event: 301.195 GC heap before
{Heap before GC invocations=63 (full 0):
 garbage-first heap   total 290816K, used 266244K [0x0000000080000000, 0x0000000100000000)
  region size 1024K, 101 young (103424K), 2 survivors (2048K)
 Metaspace       used 133030K, committed 134016K, reserved 1171456K
  class space    used 17807K, committed 18304K, reserved 1048576K
}
Event: 301.266 GC heap after
{Heap after GC invocations=64 (full 0):
 garbage-first heap   total 290816K, used 161779K [0x0000000080000000, 0x0000000100000000)
  region size 1024K, 13 young (13312K), 13 survivors (13312K)
 Metaspace       used 133030K, committed 134016K, reserved 1171456K
  class space    used 17807K, committed 18304K, reserved 1048576K
}
Event: 301.271 GC heap before
{Heap before GC invocations=64 (full 0):
 garbage-first heap   total 290816K, used 162803K [0x0000000080000000, 0x0000000100000000)
  region size 1024K, 14 young (14336K), 13 survivors (13312K)
 Metaspace       used 133030K, committed 134016K, reserved 1171456K
  class space    used 17807K, committed 18304K, reserved 1048576K
}
Event: 301.328 GC heap after
{Heap after GC invocations=65 (full 0):
 garbage-first heap   total 290816K, used 162304K [0x0000000080000000, 0x0000000100000000)
  region size 1024K, 2 young (2048K), 2 survivors (2048K)
 Metaspace       used 133030K, committed 134016K, reserved 1171456K
  class space    used 17807K, committed 18304K, reserved 1048576K
}
Event: 301.745 GC heap before
{Heap before GC invocations=65 (full 0):
 garbage-first heap   total 290816K, used 192000K [0x0000000080000000, 0x0000000100000000)
  region size 1024K, 33 young (33792K), 2 survivors (2048K)
 Metaspace       used 133048K, committed 134016K, reserved 1171456K
  class space    used 17807K, committed 18304K, reserved 1048576K
}

