# JRE version: OpenJDK Runtime Environment (17.0.6) (build 17.0.6+0-b2043.56-10027231)
# Java VM: OpenJDK 64-Bit Server VM (17.0.6+0-b2043.56-10027231, mixed mode, tiered, compressed oops, compressed class ptrs, g1 gc, windows-amd64)
GC Precious Log:
 CPUs: 2 total, 2 available
 Memory: 3737M
 Large Page Support: Disabled
 NUMA Support: Disabled
 Compressed Oops: Enabled (32-bit)
 Heap Region Size: 1M
 Heap Min Capacity: 8M
 Heap Initial Capacity: 60M
 Heap Max Capacity: 2G
 Pre-touch: Disabled
 Parallel Workers: 2
 Concurrent Workers: 1
 Concurrent Refinement Workers: 2
 Periodic GC: Disabled
Heap:
 garbage-first heap   total 311296K, used 210873K [0x0000000080000000, 0x0000000100000000)
  region size 1024K, 27 young (27648K), 2 survivors (2048K)
 Metaspace       used 144002K, committed 144832K, reserved 1179648K
  class space    used 19143K, committed 19520K, reserved 1048576K
GC Heap History (20 events):
Event: 63.697 GC heap before
{Heap before GC invocations=79 (full 0):
 garbage-first heap   total 259072K, used 203776K [0x0000000080000000, 0x0000000100000000)
  region size 1024K, 61 young (62464K), 3 survivors (3072K)
 Metaspace       used 109742K, committed 110528K, reserved 1146880K
  class space    used 14635K, committed 15040K, reserved 1048576K
}
Event: 63.718 GC heap after
{Heap after GC invocations=80 (full 0):
 garbage-first heap   total 259072K, used 149339K [0x0000000080000000, 0x0000000100000000)
  region size 1024K, 7 young (7168K), 7 survivors (7168K)
 Metaspace       used 109742K, committed 110528K, reserved 1146880K
  class space    used 14635K, committed 15040K, reserved 1048576K
}
Event: 66.091 GC heap before
{Heap before GC invocations=80 (full 0):
 garbage-first heap   total 259072K, used 206683K [0x0000000080000000, 0x0000000100000000)
  region size 1024K, 64 young (65536K), 7 survivors (7168K)
 Metaspace       used 110606K, committed 111424K, reserved 1146880K
  class space    used 14731K, committed 15168K, reserved 1048576K
}
Event: 66.126 GC heap after
{Heap after GC invocations=81 (full 0):
 garbage-first heap   total 259072K, used 154814K [0x0000000080000000, 0x0000000100000000)
  region size 1024K, 6 young (6144K), 6 survivors (6144K)
 Metaspace       used 110606K, committed 111424K, reserved 1146880K
  class space    used 14731K, committed 15168K, reserved 1048576K
}
Event: 72.919 GC heap before
{Heap before GC invocations=81 (full 0):
 garbage-first heap   total 259072K, used 210110K [0x0000000080000000, 0x0000000100000000)
  region size 1024K, 60 young (61440K), 6 survivors (6144K)
 Metaspace       used 110995K, committed 111744K, reserved 1146880K
  class space    used 14778K, committed 15168K, reserved 1048576K
}
Event: 72.945 GC heap after
{Heap after GC invocations=82 (full 0):
 garbage-first heap   total 259072K, used 158198K [0x0000000080000000, 0x0000000100000000)
  region size 1024K, 3 young (3072K), 3 survivors (3072K)
 Metaspace       used 110995K, committed 111744K, reserved 1146880K
  class space    used 14778K, committed 15168K, reserved 1048576K
}
Event: 77.407 GC heap before
{Heap before GC invocations=82 (full 0):
 garbage-first heap   total 259072K, used 212470K [0x0000000080000000, 0x0000000100000000)
  region size 1024K, 57 young (58368K), 3 survivors (3072K)
 Metaspace       used 111444K, committed 112256K, reserved 1146880K
  class space    used 14816K, committed 15232K, reserved 1048576K
}
Event: 77.427 GC heap after
{Heap after GC invocations=83 (full 0):
 garbage-first heap   total 259072K, used 159180K [0x0000000080000000, 0x0000000100000000)
  region size 1024K, 4 young (4096K), 4 survivors (4096K)
 Metaspace       used 111444K, committed 112256K, reserved 1146880K
  class space    used 14816K, committed 15232K, reserved 1048576K
}
Event: 78.165 GC heap before
{Heap before GC invocations=83 (full 0):
 garbage-first heap   total 259072K, used 215500K [0x0000000080000000, 0x0000000100000000)
  region size 1024K, 60 young (61440K), 4 survivors (4096K)
 Metaspace       used 112419K, committed 113216K, reserved 1155072K
  class space    used 14903K, committed 15296K, reserved 1048576K
}
Event: 78.184 GC heap after
{Heap after GC invocations=84 (full 0):
 garbage-first heap   total 259072K, used 162294K [0x0000000080000000, 0x0000000100000000)
  region size 1024K, 7 young (7168K), 7 survivors (7168K)
 Metaspace       used 112419K, committed 113216K, reserved 1155072K
  class space    used 14903K, committed 15296K, reserved 1048576K
}
Event: 80.184 GC heap before
{Heap before GC invocations=84 (full 0):
 garbage-first heap   total 259072K, used 217590K [0x0000000080000000, 0x0000000100000000)
  region size 1024K, 61 young (62464K), 7 survivors (7168K)
 Metaspace       used 114709K, committed 115456K, reserved 1155072K
  class space    used 15181K, committed 15552K, reserved 1048576K
}
Event: 80.205 GC heap after
{Heap after GC invocations=85 (full 0):
 garbage-first heap   total 311296K, used 163223K [0x0000000080000000, 0x0000000100000000)
  region size 1024K, 4 young (4096K), 4 survivors (4096K)
 Metaspace       used 114709K, committed 115456K, reserved 1155072K
  class space    used 15181K, committed 15552K, reserved 1048576K
}
Event: 117.196 GC heap before
{Heap before GC invocations=85 (full 0):
 garbage-first heap   total 311296K, used 260503K [0x0000000080000000, 0x0000000100000000)
  region size 1024K, 100 young (102400K), 4 survivors (4096K)
 Metaspace       used 121703K, committed 122560K, reserved 1155072K
  class space    used 16132K, committed 16576K, reserved 1048576K
}
Event: 117.244 GC heap after
{Heap after GC invocations=86 (full 0):
 garbage-first heap   total 311296K, used 171838K [0x0000000080000000, 0x0000000100000000)
  region size 1024K, 13 young (13312K), 13 survivors (13312K)
 Metaspace       used 121703K, committed 122560K, reserved 1155072K
  class space    used 16132K, committed 16576K, reserved 1048576K
}
Event: 122.246 GC heap before
{Heap before GC invocations=86 (full 0):
 garbage-first heap   total 311296K, used 259902K [0x0000000080000000, 0x0000000100000000)
  region size 1024K, 98 young (100352K), 13 survivors (13312K)
 Metaspace       used 127537K, committed 128384K, reserved 1163264K
  class space    used 16730K, committed 17152K, reserved 1048576K
}
Event: 122.283 GC heap after
{Heap after GC invocations=87 (full 0):
 garbage-first heap   total 311296K, used 174605K [0x0000000080000000, 0x0000000100000000)
  region size 1024K, 3 young (3072K), 3 survivors (3072K)
 Metaspace       used 127537K, committed 128384K, reserved 1163264K
  class space    used 16730K, committed 17152K, reserved 1048576K
}
Event: 125.173 GC heap before
{Heap before GC invocations=87 (full 0):
 garbage-first heap   total 311296K, used 263693K [0x0000000080000000, 0x0000000100000000)
  region size 1024K, 89 young (91136K), 3 survivors (3072K)
 Metaspace       used 135977K, committed 136832K, reserved 1171456K
  class space    used 17869K, committed 18304K, reserved 1048576K
}
Event: 125.210 GC heap after
{Heap after GC invocations=88 (full 0):
 garbage-first heap   total 311296K, used 179141K [0x0000000080000000, 0x0000000100000000)
  region size 1024K, 10 young (10240K), 10 survivors (10240K)
 Metaspace       used 135977K, committed 136832K, reserved 1171456K
  class space    used 17869K, committed 18304K, reserved 1048576K
}
Event: 129.623 GC heap before
{Heap before GC invocations=88 (full 0):
 garbage-first heap   total 311296K, used 259013K [0x0000000080000000, 0x0000000100000000)
  region size 1024K, 89 young (91136K), 10 survivors (10240K)
 Metaspace       used 142846K, committed 143744K, reserved 1179648K
  class space    used 18899K, committed 19328K, reserved 1048576K
}
Event: 129.651 GC heap after
{Heap after GC invocations=89 (full 0):
 garbage-first heap   total 311296K, used 180153K [0x0000000080000000, 0x0000000100000000)
  region size 1024K, 2 young (2048K), 2 survivors (2048K)
 Metaspace       used 142846K, committed 143744K, reserved 1179648K
  class space    used 18899K, committed 19328K, reserved 1048576K
}

