# JRE version: OpenJDK Runtime Environment (17.0.6) (build 17.0.6+0-b2043.56-10027231)
# Java VM: OpenJDK 64-Bit Server VM (17.0.6+0-b2043.56-10027231, mixed mode, tiered, compressed oops, compressed class ptrs, g1 gc, windows-amd64)
GC Precious Log:
 CPUs: 2 total, 2 available
 Memory: 3737M
 Large Page Support: Disabled
 NUMA Support: Disabled
 Compressed Oops: Enabled (32-bit)
 Heap Region Size: 1M
 Heap Min Capacity: 8M
 Heap Initial Capacity: 60M
 Heap Max Capacity: 2G
 Pre-touch: Disabled
 Parallel Workers: 2
 Concurrent Workers: 1
 Concurrent Refinement Workers: 2
 Periodic GC: Disabled
Heap:
 garbage-first heap   total 234496K, used 126611K [0x0000000080000000, 0x0000000100000000)
  region size 1024K, 1 young (1024K), 1 survivors (1024K)
 Metaspace       used 129999K, committed 130752K, reserved 1163264K
  class space    used 16441K, committed 16768K, reserved 1048576K
GC Heap History (20 events):
Event: 31.169 GC heap after
{Heap after GC invocations=40 (full 0):
 garbage-first heap   total 234496K, used 105297K [0x0000000080000000, 0x0000000100000000)
  region size 1024K, 11 young (11264K), 11 survivors (11264K)
 Metaspace       used 92687K, committed 93312K, reserved 1130496K
  class space    used 12163K, committed 12416K, reserved 1048576K
}
Event: 33.531 GC heap before
{Heap before GC invocations=40 (full 0):
 garbage-first heap   total 234496K, used 189265K [0x0000000080000000, 0x0000000100000000)
  region size 1024K, 93 young (95232K), 11 survivors (11264K)
 Metaspace       used 102857K, committed 103488K, reserved 1146880K
  class space    used 13304K, committed 13568K, reserved 1048576K
}
Event: 33.560 GC heap after
{Heap after GC invocations=41 (full 0):
 garbage-first heap   total 234496K, used 109314K [0x0000000080000000, 0x0000000100000000)
  region size 1024K, 9 young (9216K), 9 survivors (9216K)
 Metaspace       used 102857K, committed 103488K, reserved 1146880K
  class space    used 13304K, committed 13568K, reserved 1048576K
}
Event: 35.806 GC heap before
{Heap before GC invocations=41 (full 0):
 garbage-first heap   total 234496K, used 194306K [0x0000000080000000, 0x0000000100000000)
  region size 1024K, 91 young (93184K), 9 survivors (9216K)
 Metaspace       used 110057K, committed 110656K, reserved 1146880K
  class space    used 14137K, committed 14400K, reserved 1048576K
}
Event: 35.842 GC heap after
{Heap after GC invocations=42 (full 0):
 garbage-first heap   total 234496K, used 117248K [0x0000000080000000, 0x0000000100000000)
  region size 1024K, 12 young (12288K), 12 survivors (12288K)
 Metaspace       used 110057K, committed 110656K, reserved 1146880K
  class space    used 14137K, committed 14400K, reserved 1048576K
}
Event: 38.008 GC heap before
{Heap before GC invocations=42 (full 0):
 garbage-first heap   total 234496K, used 193024K [0x0000000080000000, 0x0000000100000000)
  region size 1024K, 86 young (88064K), 12 survivors (12288K)
 Metaspace       used 112701K, committed 113280K, reserved 1155072K
  class space    used 14413K, committed 14656K, reserved 1048576K
}
Event: 38.024 GC heap after
{Heap after GC invocations=43 (full 0):
 garbage-first heap   total 234496K, used 111527K [0x0000000080000000, 0x0000000100000000)
  region size 1024K, 1 young (1024K), 1 survivors (1024K)
 Metaspace       used 112701K, committed 113280K, reserved 1155072K
  class space    used 14413K, committed 14656K, reserved 1048576K
}
Event: 38.714 GC heap before
{Heap before GC invocations=43 (full 0):
 garbage-first heap   total 234496K, used 125863K [0x0000000080000000, 0x0000000100000000)
  region size 1024K, 16 young (16384K), 1 survivors (1024K)
 Metaspace       used 114092K, committed 114688K, reserved 1155072K
  class space    used 14662K, committed 14912K, reserved 1048576K
}
Event: 38.724 GC heap after
{Heap after GC invocations=44 (full 0):
 garbage-first heap   total 234496K, used 112551K [0x0000000080000000, 0x0000000100000000)
  region size 1024K, 2 young (2048K), 2 survivors (2048K)
 Metaspace       used 114092K, committed 114688K, reserved 1155072K
  class space    used 14662K, committed 14912K, reserved 1048576K
}
Event: 40.810 GC heap before
{Heap before GC invocations=45 (full 0):
 garbage-first heap   total 234496K, used 197543K [0x0000000080000000, 0x0000000100000000)
  region size 1024K, 84 young (86016K), 2 survivors (2048K)
 Metaspace       used 117083K, committed 117760K, reserved 1155072K
  class space    used 15053K, committed 15360K, reserved 1048576K
}
Event: 40.836 GC heap after
{Heap after GC invocations=46 (full 0):
 garbage-first heap   total 234496K, used 119719K [0x0000000080000000, 0x0000000100000000)
  region size 1024K, 9 young (9216K), 9 survivors (9216K)
 Metaspace       used 117083K, committed 117760K, reserved 1155072K
  class space    used 15053K, committed 15360K, reserved 1048576K
}
Event: 40.847 GC heap before
{Heap before GC invocations=46 (full 0):
 garbage-first heap   total 234496K, used 121767K [0x0000000080000000, 0x0000000100000000)
  region size 1024K, 11 young (11264K), 9 survivors (9216K)
 Metaspace       used 117083K, committed 117760K, reserved 1155072K
  class space    used 15053K, committed 15360K, reserved 1048576K
}
Event: 40.866 GC heap after
{Heap after GC invocations=47 (full 0):
 garbage-first heap   total 234496K, used 117520K [0x0000000080000000, 0x0000000100000000)
  region size 1024K, 1 young (1024K), 1 survivors (1024K)
 Metaspace       used 117083K, committed 117760K, reserved 1155072K
  class space    used 15053K, committed 15360K, reserved 1048576K
}
Event: 45.374 GC heap before
{Heap before GC invocations=47 (full 0):
 garbage-first heap   total 234496K, used 193296K [0x0000000080000000, 0x0000000100000000)
  region size 1024K, 76 young (77824K), 1 survivors (1024K)
 Metaspace       used 127435K, committed 128128K, reserved 1163264K
  class space    used 16250K, committed 16576K, reserved 1048576K
}
Event: 45.397 GC heap after
{Heap after GC invocations=48 (full 0):
 garbage-first heap   total 234496K, used 123607K [0x0000000080000000, 0x0000000100000000)
  region size 1024K, 7 young (7168K), 7 survivors (7168K)
 Metaspace       used 127435K, committed 128128K, reserved 1163264K
  class space    used 16250K, committed 16576K, reserved 1048576K
}
Event: 61.914 GC heap before
{Heap before GC invocations=49 (full 0):
 garbage-first heap   total 234496K, used 193239K [0x0000000080000000, 0x0000000100000000)
  region size 1024K, 75 young (76800K), 7 survivors (7168K)
 Metaspace       used 129961K, committed 130624K, reserved 1163264K
  class space    used 16441K, committed 16768K, reserved 1048576K
}
Event: 62.648 GC heap after
{Heap after GC invocations=50 (full 0):
 garbage-first heap   total 234496K, used 126950K [0x0000000080000000, 0x0000000100000000)
  region size 1024K, 4 young (4096K), 4 survivors (4096K)
 Metaspace       used 129961K, committed 130624K, reserved 1163264K
  class space    used 16441K, committed 16768K, reserved 1048576K
}
Event: 63.705 GC heap before
{Heap before GC invocations=50 (full 0):
 garbage-first heap   total 234496K, used 134118K [0x0000000080000000, 0x0000000100000000)
  region size 1024K, 11 young (11264K), 4 survivors (4096K)
 Metaspace       used 129961K, committed 130624K, reserved 1163264K
  class space    used 16441K, committed 16768K, reserved 1048576K
}
Event: 63.756 GC heap after
{Heap after GC invocations=51 (full 0):
 garbage-first heap   total 234496K, used 126679K [0x0000000080000000, 0x0000000100000000)
  region size 1024K, 1 young (1024K), 1 survivors (1024K)
 Metaspace       used 129961K, committed 130624K, reserved 1163264K
  class space    used 16441K, committed 16768K, reserved 1048576K
}
Event: 82.218 GC heap before
{Heap before GC invocations=51 (full 0):
 garbage-first heap   total 234496K, used 136919K [0x0000000080000000, 0x0000000100000000)
  region size 1024K, 11 young (11264K), 1 survivors (1024K)
 Metaspace       used 129999K, committed 130752K, reserved 1163264K
  class space    used 16441K, committed 16768K, reserved 1048576K
}

