# JRE version: OpenJDK Runtime Environment (17.0.6) (build 17.0.6+0-b2043.56-10027231)
# Java VM: OpenJDK 64-Bit Server VM (17.0.6+0-b2043.56-10027231, mixed mode, tiered, compressed oops, compressed class ptrs, g1 gc, windows-amd64)
GC Precious Log:
 CPUs: 2 total, 2 available
 Memory: 3737M
 Large Page Support: Disabled
 NUMA Support: Disabled
 Compressed Oops: Enabled (32-bit)
 Heap Region Size: 1M
 Heap Min Capacity: 8M
 Heap Initial Capacity: 60M
 Heap Max Capacity: 2G
 Pre-touch: Disabled
 Parallel Workers: 2
 Concurrent Workers: 1
 Concurrent Refinement Workers: 2
 Periodic GC: Disabled
Heap:
 garbage-first heap   total 306176K, used 154302K [0x0000000080000000, 0x0000000100000000)
  region size 1024K, 7 young (7168K), 7 survivors (7168K)
 Metaspace       used 135945K, committed 137024K, reserved 1171456K
  class space    used 18200K, committed 18688K, reserved 1048576K
GC Heap History (20 events):
Event: 876.733 GC heap after
{Heap after GC invocations=72 (full 0):
 garbage-first heap   total 295936K, used 157208K [0x0000000080000000, 0x0000000100000000)
  region size 1024K, 12 young (12288K), 12 survivors (12288K)
 Metaspace       used 134792K, committed 135872K, reserved 1171456K
  class space    used 18181K, committed 18688K, reserved 1048576K
}
Event: 876.766 GC heap before
{Heap before GC invocations=72 (full 0):
 garbage-first heap   total 295936K, used 159256K [0x0000000080000000, 0x0000000100000000)
  region size 1024K, 14 young (14336K), 12 survivors (12288K)
 Metaspace       used 134796K, committed 135872K, reserved 1171456K
  class space    used 18181K, committed 18688K, reserved 1048576K
}
Event: 877.257 GC heap after
{Heap after GC invocations=73 (full 0):
 garbage-first heap   total 295936K, used 149251K [0x0000000080000000, 0x0000000100000000)
  region size 1024K, 1 young (1024K), 1 survivors (1024K)
 Metaspace       used 134796K, committed 135872K, reserved 1171456K
  class space    used 18181K, committed 18688K, reserved 1048576K
}
Event: 889.926 GC heap before
{Heap before GC invocations=73 (full 0):
 garbage-first heap   total 295936K, used 202499K [0x0000000080000000, 0x0000000100000000)
  region size 1024K, 55 young (56320K), 1 survivors (1024K)
 Metaspace       used 135124K, committed 136192K, reserved 1171456K
  class space    used 18188K, committed 18688K, reserved 1048576K
}
Event: 889.958 GC heap after
{Heap after GC invocations=74 (full 0):
 garbage-first heap   total 295936K, used 151299K [0x0000000080000000, 0x0000000100000000)
  region size 1024K, 3 young (3072K), 3 survivors (3072K)
 Metaspace       used 135124K, committed 136192K, reserved 1171456K
  class space    used 18188K, committed 18688K, reserved 1048576K
}
Event: 1014.517 GC heap before
{Heap before GC invocations=75 (full 0):
 garbage-first heap   total 296960K, used 262915K [0x0000000080000000, 0x0000000100000000)
  region size 1024K, 95 young (97280K), 3 survivors (3072K)
 Metaspace       used 135402K, committed 136448K, reserved 1171456K
  class space    used 18198K, committed 18688K, reserved 1048576K
}
Event: 1014.780 GC heap after
{Heap after GC invocations=76 (full 0):
 garbage-first heap   total 296960K, used 157722K [0x0000000080000000, 0x0000000100000000)
  region size 1024K, 12 young (12288K), 12 survivors (12288K)
 Metaspace       used 135402K, committed 136448K, reserved 1171456K
  class space    used 18198K, committed 18688K, reserved 1048576K
}
Event: 1014.874 GC heap before
{Heap before GC invocations=76 (full 0):
 garbage-first heap   total 296960K, used 159770K [0x0000000080000000, 0x0000000100000000)
  region size 1024K, 14 young (14336K), 12 survivors (12288K)
 Metaspace       used 135402K, committed 136448K, reserved 1171456K
  class space    used 18198K, committed 18688K, reserved 1048576K
}
Event: 1015.296 GC heap after
{Heap after GC invocations=77 (full 0):
 garbage-first heap   total 296960K, used 151765K [0x0000000080000000, 0x0000000100000000)
  region size 1024K, 1 young (1024K), 1 survivors (1024K)
 Metaspace       used 135402K, committed 136448K, reserved 1171456K
  class space    used 18198K, committed 18688K, reserved 1048576K
}
Event: 1029.046 GC heap before
{Heap before GC invocations=77 (full 0):
 garbage-first heap   total 296960K, used 199893K [0x0000000080000000, 0x0000000100000000)
  region size 1024K, 50 young (51200K), 1 survivors (1024K)
 Metaspace       used 135606K, committed 136640K, reserved 1171456K
  class space    used 18199K, committed 18688K, reserved 1048576K
}
Event: 1029.080 GC heap after
{Heap after GC invocations=78 (full 0):
 garbage-first heap   total 296960K, used 153493K [0x0000000080000000, 0x0000000100000000)
  region size 1024K, 3 young (3072K), 3 survivors (3072K)
 Metaspace       used 135606K, committed 136640K, reserved 1171456K
  class space    used 18199K, committed 18688K, reserved 1048576K
}
Event: 4258.273 GC heap before
{Heap before GC invocations=79 (full 0):
 garbage-first heap   total 306176K, used 263061K [0x0000000080000000, 0x0000000100000000)
  region size 1024K, 91 young (93184K), 3 survivors (3072K)
 Metaspace       used 135737K, committed 136768K, reserved 1171456K
  class space    used 18199K, committed 18688K, reserved 1048576K
}
Event: 4258.701 GC heap after
{Heap after GC invocations=80 (full 0):
 garbage-first heap   total 306176K, used 152757K [0x0000000080000000, 0x0000000100000000)
  region size 1024K, 2 young (2048K), 2 survivors (2048K)
 Metaspace       used 135737K, committed 136768K, reserved 1171456K
  class space    used 18199K, committed 18688K, reserved 1048576K
}
Event: 4324.667 GC heap before
{Heap before GC invocations=80 (full 0):
 garbage-first heap   total 306176K, used 164021K [0x0000000080000000, 0x0000000100000000)
  region size 1024K, 14 young (14336K), 2 survivors (2048K)
 Metaspace       used 135742K, committed 136768K, reserved 1171456K
  class space    used 18199K, committed 18688K, reserved 1048576K
}
Event: 4325.120 GC heap after
{Heap after GC invocations=81 (full 0):
 garbage-first heap   total 306176K, used 145347K [0x0000000080000000, 0x0000000100000000)
  region size 1024K, 1 young (1024K), 1 survivors (1024K)
 Metaspace       used 135742K, committed 136768K, reserved 1171456K
  class space    used 18199K, committed 18688K, reserved 1048576K
}
Event: 4326.308 GC heap before
{Heap before GC invocations=81 (full 0):
 garbage-first heap   total 306176K, used 158659K [0x0000000080000000, 0x0000000100000000)
  region size 1024K, 14 young (14336K), 1 survivors (1024K)
 Metaspace       used 135751K, committed 136768K, reserved 1171456K
  class space    used 18199K, committed 18688K, reserved 1048576K
}
Event: 4326.382 GC heap after
{Heap after GC invocations=82 (full 0):
 garbage-first heap   total 306176K, used 146432K [0x0000000080000000, 0x0000000100000000)
  region size 1024K, 2 young (2048K), 2 survivors (2048K)
 Metaspace       used 135751K, committed 136768K, reserved 1171456K
  class space    used 18199K, committed 18688K, reserved 1048576K
}
Event: 4327.790 GC heap before
{Heap before GC invocations=82 (full 0):
 garbage-first heap   total 306176K, used 157696K [0x0000000080000000, 0x0000000100000000)
  region size 1024K, 14 young (14336K), 2 survivors (2048K)
 Metaspace       used 135778K, committed 136768K, reserved 1171456K
  class space    used 18199K, committed 18688K, reserved 1048576K
}
Event: 4327.917 GC heap after
{Heap after GC invocations=83 (full 0):
 garbage-first heap   total 306176K, used 146818K [0x0000000080000000, 0x0000000100000000)
  region size 1024K, 1 young (1024K), 1 survivors (1024K)
 Metaspace       used 135778K, committed 136768K, reserved 1171456K
  class space    used 18199K, committed 18688K, reserved 1048576K
}
Event: 4335.877 GC heap before
{Heap before GC invocations=83 (full 0):
 garbage-first heap   total 306176K, used 201090K [0x0000000080000000, 0x0000000100000000)
  region size 1024K, 54 young (55296K), 1 survivors (1024K)
 Metaspace       used 135945K, committed 137024K, reserved 1171456K
  class space    used 18200K, committed 18688K, reserved 1048576K
}

