# JRE version: OpenJDK Runtime Environment (17.0.6) (build 17.0.6+0-b2043.56-10027231)
# Java VM: OpenJDK 64-Bit Server VM (17.0.6+0-b2043.56-10027231, mixed mode, tiered, compressed oops, compressed class ptrs, g1 gc, windows-amd64)
GC Precious Log:
 CPUs: 2 total, 2 available
 Memory: 3737M
 Large Page Support: Disabled
 NUMA Support: Disabled
 Compressed Oops: Enabled (32-bit)
 Heap Region Size: 1M
 Heap Min Capacity: 8M
 Heap Initial Capacity: 60M
 Heap Max Capacity: 2G
 Pre-touch: Disabled
 Parallel Workers: 2
 Concurrent Workers: 1
 Concurrent Refinement Workers: 2
 Periodic GC: Disabled
Heap:
 garbage-first heap   total 441344K, used 210516K [0x0000000080000000, 0x0000000100000000)
  region size 1024K, 4 young (4096K), 4 survivors (4096K)
 Metaspace       used 163594K, committed 164480K, reserved 1196032K
  class space    used 20998K, committed 21440K, reserved 1048576K
GC Heap History (20 events):
Event: 175.755 GC heap after
{Heap after GC invocations=92 (full 0):
 garbage-first heap   total 396288K, used 189082K [0x0000000080000000, 0x0000000100000000)
  region size 1024K, 1 young (1024K), 1 survivors (1024K)
 Metaspace       used 163427K, committed 164224K, reserved 1196032K
  class space    used 20978K, committed 21376K, reserved 1048576K
}
Event: 205.379 GC heap before
{Heap before GC invocations=92 (full 0):
 garbage-first heap   total 396288K, used 324250K [0x0000000080000000, 0x0000000100000000)
  region size 1024K, 133 young (136192K), 1 survivors (1024K)
 Metaspace       used 163455K, committed 164352K, reserved 1196032K
  class space    used 20979K, committed 21440K, reserved 1048576K
}
Event: 205.409 GC heap after
{Heap after GC invocations=93 (full 0):
 garbage-first heap   total 396288K, used 197870K [0x0000000080000000, 0x0000000100000000)
  region size 1024K, 10 young (10240K), 10 survivors (10240K)
 Metaspace       used 163455K, committed 164352K, reserved 1196032K
  class space    used 20979K, committed 21440K, reserved 1048576K
}
Event: 233.356 GC heap before
{Heap before GC invocations=93 (full 0):
 garbage-first heap   total 396288K, used 325870K [0x0000000080000000, 0x0000000100000000)
  region size 1024K, 135 young (138240K), 10 survivors (10240K)
 Metaspace       used 163479K, committed 164416K, reserved 1196032K
  class space    used 20981K, committed 21440K, reserved 1048576K
}
Event: 233.474 GC heap after
{Heap after GC invocations=94 (full 0):
 garbage-first heap   total 396288K, used 206676K [0x0000000080000000, 0x0000000100000000)
  region size 1024K, 9 young (9216K), 9 survivors (9216K)
 Metaspace       used 163479K, committed 164416K, reserved 1196032K
  class space    used 20981K, committed 21440K, reserved 1048576K
}
Event: 253.308 GC heap before
{Heap before GC invocations=94 (full 0):
 garbage-first heap   total 396288K, used 234324K [0x0000000080000000, 0x0000000100000000)
  region size 1024K, 37 young (37888K), 9 survivors (9216K)
 Metaspace       used 163538K, committed 164416K, reserved 1196032K
  class space    used 20991K, committed 21440K, reserved 1048576K
}
Event: 253.386 GC heap after
{Heap after GC invocations=95 (full 0):
 garbage-first heap   total 396288K, used 206676K [0x0000000080000000, 0x0000000100000000)
  region size 1024K, 9 young (9216K), 9 survivors (9216K)
 Metaspace       used 163538K, committed 164416K, reserved 1196032K
  class space    used 20991K, committed 21440K, reserved 1048576K
}
Event: 283.214 GC heap before
{Heap before GC invocations=96 (full 0):
 garbage-first heap   total 396288K, used 338772K [0x0000000080000000, 0x0000000100000000)
  region size 1024K, 132 young (135168K), 9 survivors (9216K)
 Metaspace       used 163564K, committed 164480K, reserved 1196032K
  class space    used 20992K, committed 21440K, reserved 1048576K
}
Event: 283.387 GC heap after
{Heap after GC invocations=97 (full 0):
 garbage-first heap   total 396288K, used 212820K [0x0000000080000000, 0x0000000100000000)
  region size 1024K, 9 young (9216K), 9 survivors (9216K)
 Metaspace       used 163564K, committed 164480K, reserved 1196032K
  class space    used 20992K, committed 21440K, reserved 1048576K
}
Event: 287.256 GC heap before
{Heap before GC invocations=97 (full 0):
 garbage-first heap   total 396288K, used 222036K [0x0000000080000000, 0x0000000100000000)
  region size 1024K, 19 young (19456K), 9 survivors (9216K)
 Metaspace       used 163564K, committed 164480K, reserved 1196032K
  class space    used 20992K, committed 21440K, reserved 1048576K
}
Event: 287.386 GC heap after
{Heap after GC invocations=98 (full 0):
 garbage-first heap   total 396288K, used 212196K [0x0000000080000000, 0x0000000100000000)
  region size 1024K, 1 young (1024K), 1 survivors (1024K)
 Metaspace       used 163564K, committed 164480K, reserved 1196032K
  class space    used 20992K, committed 21440K, reserved 1048576K
}
Event: 311.245 GC heap before
{Heap before GC invocations=98 (full 0):
 garbage-first heap   total 396288K, used 337124K [0x0000000080000000, 0x0000000100000000)
  region size 1024K, 123 young (125952K), 1 survivors (1024K)
 Metaspace       used 163564K, committed 164480K, reserved 1196032K
  class space    used 20992K, committed 21440K, reserved 1048576K
}
Event: 311.250 GC heap after
{Heap after GC invocations=99 (full 0):
 garbage-first heap   total 396288K, used 212057K [0x0000000080000000, 0x0000000100000000)
  region size 1024K, 1 young (1024K), 1 survivors (1024K)
 Metaspace       used 163564K, committed 164480K, reserved 1196032K
  class space    used 20992K, committed 21440K, reserved 1048576K
}
Event: 331.657 GC heap before
{Heap before GC invocations=99 (full 0):
 garbage-first heap   total 396288K, used 340057K [0x0000000080000000, 0x0000000100000000)
  region size 1024K, 126 young (129024K), 1 survivors (1024K)
 Metaspace       used 163587K, committed 164480K, reserved 1196032K
  class space    used 20998K, committed 21440K, reserved 1048576K
}
Event: 331.672 GC heap after
{Heap after GC invocations=100 (full 0):
 garbage-first heap   total 396288K, used 205831K [0x0000000080000000, 0x0000000100000000)
  region size 1024K, 1 young (1024K), 1 survivors (1024K)
 Metaspace       used 163587K, committed 164480K, reserved 1196032K
  class space    used 20998K, committed 21440K, reserved 1048576K
}
Event: 372.205 GC heap before
{Heap before GC invocations=101 (full 0):
 garbage-first heap   total 396288K, used 339975K [0x0000000080000000, 0x0000000100000000)
  region size 1024K, 132 young (135168K), 1 survivors (1024K)
 Metaspace       used 163594K, committed 164480K, reserved 1196032K
  class space    used 20998K, committed 21440K, reserved 1048576K
}
Event: 372.253 GC heap after
{Heap after GC invocations=102 (full 0):
 garbage-first heap   total 396288K, used 207879K [0x0000000080000000, 0x0000000100000000)
  region size 1024K, 3 young (3072K), 3 survivors (3072K)
 Metaspace       used 163594K, committed 164480K, reserved 1196032K
  class space    used 20998K, committed 21440K, reserved 1048576K
}
Event: 374.213 GC heap before
{Heap before GC invocations=102 (full 0):
 garbage-first heap   total 396288K, used 224263K [0x0000000080000000, 0x0000000100000000)
  region size 1024K, 19 young (19456K), 3 survivors (3072K)
 Metaspace       used 163594K, committed 164480K, reserved 1196032K
  class space    used 20998K, committed 21440K, reserved 1048576K
}
Event: 374.515 GC heap after
{Heap after GC invocations=103 (full 0):
 garbage-first heap   total 396288K, used 207261K [0x0000000080000000, 0x0000000100000000)
  region size 1024K, 1 young (1024K), 1 survivors (1024K)
 Metaspace       used 163594K, committed 164480K, reserved 1196032K
  class space    used 20998K, committed 21440K, reserved 1048576K
}
Event: 403.893 GC heap before
{Heap before GC invocations=103 (full 0):
 garbage-first heap   total 396288K, used 341405K [0x0000000080000000, 0x0000000100000000)
  region size 1024K, 132 young (135168K), 1 survivors (1024K)
 Metaspace       used 163594K, committed 164480K, reserved 1196032K
  class space    used 20998K, committed 21440K, reserved 1048576K
}

