# JRE version: OpenJDK Runtime Environment (17.0.6) (build 17.0.6+0-b2043.56-10027231)
# Java VM: OpenJDK 64-Bit Server VM (17.0.6+0-b2043.56-10027231, mixed mode, tiered, compressed oops, compressed class ptrs, g1 gc, windows-amd64)
GC Precious Log:
 CPUs: 2 total, 2 available
 Memory: 3737M
 Large Page Support: Disabled
 NUMA Support: Disabled
 Compressed Oops: Enabled (32-bit)
 Heap Region Size: 1M
 Heap Min Capacity: 8M
 Heap Initial Capacity: 60M
 Heap Max Capacity: 2G
 Pre-touch: Disabled
 Parallel Workers: 2
 Concurrent Workers: 1
 Concurrent Refinement Workers: 2
 Periodic GC: Disabled
Heap:
 garbage-first heap   total 324608K, used 130279K [0x0000000080000000, 0x0000000100000000)
  region size 1024K, 6 young (6144K), 6 survivors (6144K)
 Metaspace       used 142033K, committed 143424K, reserved 1179648K
  class space    used 18799K, committed 19456K, reserved 1048576K
GC Heap History (20 events):
Event: 8795.914 GC heap after
{Heap after GC invocations=73 (full 1):
 garbage-first heap   total 324608K, used 107608K [0x0000000080000000, 0x0000000100000000)
  region size 1024K, 2 young (2048K), 2 survivors (2048K)
 Metaspace       used 139338K, committed 140544K, reserved 1171456K
  class space    used 18407K, committed 19008K, reserved 1048576K
}
Event: 8797.760 GC heap before
{Heap before GC invocations=73 (full 1):
 garbage-first heap   total 324608K, used 169048K [0x0000000080000000, 0x0000000100000000)
  region size 1024K, 62 young (63488K), 2 survivors (2048K)
 Metaspace       used 139417K, committed 140544K, reserved 1171456K
  class space    used 18412K, committed 19008K, reserved 1048576K
}
Event: 8797.783 GC heap after
{Heap after GC invocations=74 (full 1):
 garbage-first heap   total 324608K, used 112038K [0x0000000080000000, 0x0000000100000000)
  region size 1024K, 7 young (7168K), 7 survivors (7168K)
 Metaspace       used 139417K, committed 140544K, reserved 1171456K
  class space    used 18412K, committed 19008K, reserved 1048576K
}
Event: 8798.421 GC heap before
{Heap before GC invocations=74 (full 1):
 garbage-first heap   total 324608K, used 138662K [0x0000000080000000, 0x0000000100000000)
  region size 1024K, 33 young (33792K), 7 survivors (7168K)
 Metaspace       used 139461K, committed 140544K, reserved 1171456K
  class space    used 18413K, committed 19008K, reserved 1048576K
}
Event: 8798.488 GC heap after
{Heap after GC invocations=75 (full 1):
 garbage-first heap   total 324608K, used 114499K [0x0000000080000000, 0x0000000100000000)
  region size 1024K, 3 young (3072K), 3 survivors (3072K)
 Metaspace       used 139461K, committed 140544K, reserved 1171456K
  class space    used 18413K, committed 19008K, reserved 1048576K
}
Event: 9004.092 GC heap before
{Heap before GC invocations=75 (full 1):
 garbage-first heap   total 324608K, used 211779K [0x0000000080000000, 0x0000000100000000)
  region size 1024K, 98 young (100352K), 3 survivors (3072K)
 Metaspace       used 139602K, committed 140672K, reserved 1171456K
  class space    used 18414K, committed 19008K, reserved 1048576K
}
Event: 9004.425 GC heap after
{Heap after GC invocations=76 (full 1):
 garbage-first heap   total 324608K, used 123490K [0x0000000080000000, 0x0000000100000000)
  region size 1024K, 12 young (12288K), 12 survivors (12288K)
 Metaspace       used 139602K, committed 140672K, reserved 1171456K
  class space    used 18414K, committed 19008K, reserved 1048576K
}
Event: 9004.542 GC heap before
{Heap before GC invocations=76 (full 1):
 garbage-first heap   total 324608K, used 127586K [0x0000000080000000, 0x0000000100000000)
  region size 1024K, 16 young (16384K), 12 survivors (12288K)
 Metaspace       used 139618K, committed 140736K, reserved 1171456K
  class space    used 18414K, committed 19008K, reserved 1048576K
}
Event: 9004.682 GC heap after
{Heap after GC invocations=77 (full 1):
 garbage-first heap   total 324608K, used 124355K [0x0000000080000000, 0x0000000100000000)
  region size 1024K, 1 young (1024K), 1 survivors (1024K)
 Metaspace       used 139618K, committed 140736K, reserved 1171456K
  class space    used 18414K, committed 19008K, reserved 1048576K
}
Event: 9010.058 GC heap before
{Heap before GC invocations=77 (full 1):
 garbage-first heap   total 324608K, used 146883K [0x0000000080000000, 0x0000000100000000)
  region size 1024K, 24 young (24576K), 1 survivors (1024K)
 Metaspace       used 139787K, committed 140800K, reserved 1171456K
  class space    used 18466K, committed 19008K, reserved 1048576K
}
Event: 9014.819 GC heap after
{Heap after GC invocations=78 (full 2):
 garbage-first heap   total 324608K, used 113638K [0x0000000080000000, 0x0000000100000000)
  region size 1024K, 0 young (0K), 0 survivors (0K)
 Metaspace       used 139570K, committed 140800K, reserved 1171456K
  class space    used 18426K, committed 19008K, reserved 1048576K
}
Event: 9042.084 GC heap before
{Heap before GC invocations=78 (full 2):
 garbage-first heap   total 324608K, used 163814K [0x0000000080000000, 0x0000000100000000)
  region size 1024K, 33 young (33792K), 0 survivors (0K)
 Metaspace       used 139964K, committed 141056K, reserved 1171456K
  class space    used 18464K, committed 19008K, reserved 1048576K
}
Event: 9042.116 GC heap after
{Heap after GC invocations=79 (full 2):
 garbage-first heap   total 324608K, used 117301K [0x0000000080000000, 0x0000000100000000)
  region size 1024K, 2 young (2048K), 2 survivors (2048K)
 Metaspace       used 139964K, committed 141056K, reserved 1171456K
  class space    used 18464K, committed 19008K, reserved 1048576K
}
Event: 9042.134 GC heap before
{Heap before GC invocations=79 (full 2):
 garbage-first heap   total 324608K, used 119349K [0x0000000080000000, 0x0000000100000000)
  region size 1024K, 3 young (3072K), 2 survivors (2048K)
 Metaspace       used 139964K, committed 141056K, reserved 1171456K
  class space    used 18464K, committed 19008K, reserved 1048576K
}
Event: 9042.144 GC heap after
{Heap after GC invocations=80 (full 2):
 garbage-first heap   total 324608K, used 117362K [0x0000000080000000, 0x0000000100000000)
  region size 1024K, 2 young (2048K), 2 survivors (2048K)
 Metaspace       used 139964K, committed 141056K, reserved 1171456K
  class space    used 18464K, committed 19008K, reserved 1048576K
}
Event: 9192.894 GC heap before
{Heap before GC invocations=81 (full 2):
 garbage-first heap   total 324608K, used 302706K [0x0000000080000000, 0x0000000100000000)
  region size 1024K, 150 young (153600K), 2 survivors (2048K)
 Metaspace       used 140482K, committed 141632K, reserved 1179648K
  class space    used 18536K, committed 19072K, reserved 1048576K
}
Event: 9193.139 GC heap after
{Heap after GC invocations=82 (full 2):
 garbage-first heap   total 324608K, used 124479K [0x0000000080000000, 0x0000000100000000)
  region size 1024K, 11 young (11264K), 11 survivors (11264K)
 Metaspace       used 140482K, committed 141632K, reserved 1179648K
  class space    used 18536K, committed 19072K, reserved 1048576K
}
Event: 9193.306 GC heap before
{Heap before GC invocations=82 (full 2):
 garbage-first heap   total 324608K, used 127551K [0x0000000080000000, 0x0000000100000000)
  region size 1024K, 15 young (15360K), 11 survivors (11264K)
 Metaspace       used 140548K, committed 141760K, reserved 1179648K
  class space    used 18555K, committed 19136K, reserved 1048576K
}
Event: 9193.419 GC heap after
{Heap after GC invocations=83 (full 2):
 garbage-first heap   total 324608K, used 125159K [0x0000000080000000, 0x0000000100000000)
  region size 1024K, 1 young (1024K), 1 survivors (1024K)
 Metaspace       used 140548K, committed 141760K, reserved 1179648K
  class space    used 18555K, committed 19136K, reserved 1048576K
}
Event: 9206.274 GC heap before
{Heap before GC invocations=83 (full 2):
 garbage-first heap   total 324608K, used 216295K [0x0000000080000000, 0x0000000100000000)
  region size 1024K, 92 young (94208K), 1 survivors (1024K)
 Metaspace       used 142033K, committed 143424K, reserved 1179648K
  class space    used 18799K, committed 19456K, reserved 1048576K
}

