# JRE version: OpenJDK Runtime Environment (17.0.6) (build 17.0.6+0-b2043.56-10027231)
# Java VM: OpenJDK 64-Bit Server VM (17.0.6+0-b2043.56-10027231, mixed mode, tiered, compressed oops, compressed class ptrs, g1 gc, windows-amd64)
GC Precious Log:
 CPUs: 2 total, 2 available
 Memory: 3737M
 Large Page Support: Disabled
 NUMA Support: Disabled
 Compressed Oops: Enabled (32-bit)
 Heap Region Size: 1M
 Heap Min Capacity: 8M
 Heap Initial Capacity: 60M
 Heap Max Capacity: 2G
 Pre-touch: Disabled
 Parallel Workers: 2
 Concurrent Workers: 1
 Concurrent Refinement Workers: 2
 Periodic GC: Disabled
Heap:
 garbage-first heap   total 362496K, used 97643K [0x0000000080000000, 0x0000000100000000)
  region size 1024K, 15 young (15360K), 15 survivors (15360K)
 Metaspace       used 57933K, committed 58496K, reserved 1105920K
  class space    used 7543K, committed 7808K, reserved 1048576K
GC Heap History (20 events):
Event: 77.312 GC heap after
{Heap after GC invocations=101 (full 0):
 garbage-first heap   total 302080K, used 87699K [0x0000000080000000, 0x0000000100000000)
  region size 1024K, 10 young (10240K), 10 survivors (10240K)
 Metaspace       used 57924K, committed 58496K, reserved 1105920K
  class space    used 7543K, committed 7808K, reserved 1048576K
}
Event: 77.942 GC heap before
{Heap before GC invocations=101 (full 0):
 garbage-first heap   total 302080K, used 258707K [0x0000000080000000, 0x0000000100000000)
  region size 1024K, 177 young (181248K), 10 survivors (10240K)
 Metaspace       used 57924K, committed 58496K, reserved 1105920K
  class space    used 7543K, committed 7808K, reserved 1048576K
}
Event: 77.959 GC heap after
{Heap after GC invocations=102 (full 0):
 garbage-first heap   total 302080K, used 88211K [0x0000000080000000, 0x0000000100000000)
  region size 1024K, 11 young (11264K), 11 survivors (11264K)
 Metaspace       used 57924K, committed 58496K, reserved 1105920K
  class space    used 7543K, committed 7808K, reserved 1048576K
}
Event: 78.551 GC heap before
{Heap before GC invocations=102 (full 0):
 garbage-first heap   total 302080K, used 258195K [0x0000000080000000, 0x0000000100000000)
  region size 1024K, 177 young (181248K), 11 survivors (11264K)
 Metaspace       used 57924K, committed 58496K, reserved 1105920K
  class space    used 7543K, committed 7808K, reserved 1048576K
}
Event: 78.571 GC heap after
{Heap after GC invocations=103 (full 0):
 garbage-first heap   total 302080K, used 89027K [0x0000000080000000, 0x0000000100000000)
  region size 1024K, 10 young (10240K), 10 survivors (10240K)
 Metaspace       used 57924K, committed 58496K, reserved 1105920K
  class space    used 7543K, committed 7808K, reserved 1048576K
}
Event: 79.219 GC heap before
{Heap before GC invocations=103 (full 0):
 garbage-first heap   total 302080K, used 260035K [0x0000000080000000, 0x0000000100000000)
  region size 1024K, 177 young (181248K), 10 survivors (10240K)
 Metaspace       used 57926K, committed 58496K, reserved 1105920K
  class space    used 7543K, committed 7808K, reserved 1048576K
}
Event: 79.234 GC heap after
{Heap after GC invocations=104 (full 0):
 garbage-first heap   total 302080K, used 90057K [0x0000000080000000, 0x0000000100000000)
  region size 1024K, 11 young (11264K), 11 survivors (11264K)
 Metaspace       used 57926K, committed 58496K, reserved 1105920K
  class space    used 7543K, committed 7808K, reserved 1048576K
}
Event: 79.819 GC heap before
{Heap before GC invocations=104 (full 0):
 garbage-first heap   total 302080K, used 259017K [0x0000000080000000, 0x0000000100000000)
  region size 1024K, 176 young (180224K), 11 survivors (11264K)
 Metaspace       used 57926K, committed 58496K, reserved 1105920K
  class space    used 7543K, committed 7808K, reserved 1048576K
}
Event: 79.835 GC heap after
{Heap after GC invocations=105 (full 0):
 garbage-first heap   total 302080K, used 90556K [0x0000000080000000, 0x0000000100000000)
  region size 1024K, 11 young (11264K), 11 survivors (11264K)
 Metaspace       used 57926K, committed 58496K, reserved 1105920K
  class space    used 7543K, committed 7808K, reserved 1048576K
}
Event: 80.585 GC heap before
{Heap before GC invocations=105 (full 0):
 garbage-first heap   total 302080K, used 259516K [0x0000000080000000, 0x0000000100000000)
  region size 1024K, 176 young (180224K), 11 survivors (11264K)
 Metaspace       used 57926K, committed 58496K, reserved 1105920K
  class space    used 7543K, committed 7808K, reserved 1048576K
}
Event: 80.614 GC heap after
{Heap after GC invocations=106 (full 0):
 garbage-first heap   total 362496K, used 91674K [0x0000000080000000, 0x0000000100000000)
  region size 1024K, 11 young (11264K), 11 survivors (11264K)
 Metaspace       used 57926K, committed 58496K, reserved 1105920K
  class space    used 7543K, committed 7808K, reserved 1048576K
}
Event: 82.072 GC heap before
{Heap before GC invocations=106 (full 0):
 garbage-first heap   total 362496K, used 297498K [0x0000000080000000, 0x0000000100000000)
  region size 1024K, 212 young (217088K), 11 survivors (11264K)
 Metaspace       used 57926K, committed 58496K, reserved 1105920K
  class space    used 7543K, committed 7808K, reserved 1048576K
}
Event: 82.096 GC heap after
{Heap after GC invocations=107 (full 0):
 garbage-first heap   total 362496K, used 93481K [0x0000000080000000, 0x0000000100000000)
  region size 1024K, 13 young (13312K), 13 survivors (13312K)
 Metaspace       used 57926K, committed 58496K, reserved 1105920K
  class space    used 7543K, committed 7808K, reserved 1048576K
}
Event: 82.734 GC heap before
{Heap before GC invocations=107 (full 0):
 garbage-first heap   total 362496K, used 297257K [0x0000000080000000, 0x0000000100000000)
  region size 1024K, 212 young (217088K), 13 survivors (13312K)
 Metaspace       used 57929K, committed 58496K, reserved 1105920K
  class space    used 7543K, committed 7808K, reserved 1048576K
}
Event: 82.756 GC heap after
{Heap after GC invocations=108 (full 0):
 garbage-first heap   total 362496K, used 94557K [0x0000000080000000, 0x0000000100000000)
  region size 1024K, 13 young (13312K), 13 survivors (13312K)
 Metaspace       used 57929K, committed 58496K, reserved 1105920K
  class space    used 7543K, committed 7808K, reserved 1048576K
}
Event: 83.418 GC heap before
{Heap before GC invocations=108 (full 0):
 garbage-first heap   total 362496K, used 298333K [0x0000000080000000, 0x0000000100000000)
  region size 1024K, 212 young (217088K), 13 survivors (13312K)
 Metaspace       used 57931K, committed 58496K, reserved 1105920K
  class space    used 7543K, committed 7808K, reserved 1048576K
}
Event: 83.437 GC heap after
{Heap after GC invocations=109 (full 0):
 garbage-first heap   total 362496K, used 95478K [0x0000000080000000, 0x0000000100000000)
  region size 1024K, 14 young (14336K), 14 survivors (14336K)
 Metaspace       used 57931K, committed 58496K, reserved 1105920K
  class space    used 7543K, committed 7808K, reserved 1048576K
}
Event: 84.239 GC heap before
{Heap before GC invocations=109 (full 0):
 garbage-first heap   total 362496K, used 298230K [0x0000000080000000, 0x0000000100000000)
  region size 1024K, 212 young (217088K), 14 survivors (14336K)
 Metaspace       used 57932K, committed 58496K, reserved 1105920K
  class space    used 7543K, committed 7808K, reserved 1048576K
}
Event: 84.264 GC heap after
{Heap after GC invocations=110 (full 0):
 garbage-first heap   total 362496K, used 96190K [0x0000000080000000, 0x0000000100000000)
  region size 1024K, 14 young (14336K), 14 survivors (14336K)
 Metaspace       used 57932K, committed 58496K, reserved 1105920K
  class space    used 7543K, committed 7808K, reserved 1048576K
}
Event: 84.820 GC heap before
{Heap before GC invocations=110 (full 0):
 garbage-first heap   total 362496K, used 298942K [0x0000000080000000, 0x0000000100000000)
  region size 1024K, 212 young (217088K), 14 survivors (14336K)
 Metaspace       used 57933K, committed 58496K, reserved 1105920K
  class space    used 7543K, committed 7808K, reserved 1048576K
}

