# JRE version: OpenJDK Runtime Environment (17.0.6) (build 17.0.6+0-b2043.56-10027231)
# Java VM: OpenJDK 64-Bit Server VM (17.0.6+0-b2043.56-10027231, mixed mode, tiered, compressed oops, compressed class ptrs, g1 gc, windows-amd64)
GC Precious Log:
 CPUs: 2 total, 2 available
 Memory: 3737M
 Large Page Support: Disabled
 NUMA Support: Disabled
 Compressed Oops: Enabled (32-bit)
 Heap Region Size: 1M
 Heap Min Capacity: 8M
 Heap Initial Capacity: 60M
 Heap Max Capacity: 2G
 Pre-touch: Disabled
 Parallel Workers: 2
 Concurrent Workers: 1
 Concurrent Refinement Workers: 2
 Periodic GC: Disabled
Heap:
 garbage-first heap   total 280576K, used 138044K [0x0000000080000000, 0x0000000100000000)
  region size 1024K, 7 young (7168K), 7 survivors (7168K)
 Metaspace       used 117402K, committed 118080K, reserved 1155072K
  class space    used 13970K, committed 14272K, reserved 1048576K
GC Heap History (20 events):
Event: 48.534 GC heap after
{Heap after GC invocations=51 (full 0):
 garbage-first heap   total 280576K, used 108032K [0x0000000080000000, 0x0000000100000000)
  region size 1024K, 5 young (5120K), 5 survivors (5120K)
 Metaspace       used 86387K, committed 86976K, reserved 1130496K
  class space    used 11173K, committed 11456K, reserved 1048576K
}
Event: 58.657 GC heap before
{Heap before GC invocations=52 (full 0):
 garbage-first heap   total 280576K, used 227840K [0x0000000080000000, 0x0000000100000000)
  region size 1024K, 127 young (130048K), 5 survivors (5120K)
 Metaspace       used 95055K, committed 95680K, reserved 1138688K
  class space    used 11920K, committed 12224K, reserved 1048576K
}
Event: 58.711 GC heap after
{Heap after GC invocations=53 (full 0):
 garbage-first heap   total 280576K, used 114176K [0x0000000080000000, 0x0000000100000000)
  region size 1024K, 16 young (16384K), 16 survivors (16384K)
 Metaspace       used 95055K, committed 95680K, reserved 1138688K
  class space    used 11920K, committed 12224K, reserved 1048576K
}
Event: 59.000 GC heap before
{Heap before GC invocations=53 (full 0):
 garbage-first heap   total 280576K, used 115200K [0x0000000080000000, 0x0000000100000000)
  region size 1024K, 17 young (17408K), 16 survivors (16384K)
 Metaspace       used 95094K, committed 95744K, reserved 1138688K
  class space    used 11920K, committed 12224K, reserved 1048576K
}
Event: 59.038 GC heap after
{Heap after GC invocations=54 (full 0):
 garbage-first heap   total 280576K, used 114112K [0x0000000080000000, 0x0000000100000000)
  region size 1024K, 1 young (1024K), 1 survivors (1024K)
 Metaspace       used 95094K, committed 95744K, reserved 1138688K
  class space    used 11920K, committed 12224K, reserved 1048576K
}
Event: 69.252 GC heap before
{Heap before GC invocations=54 (full 0):
 garbage-first heap   total 280576K, used 230848K [0x0000000080000000, 0x0000000100000000)
  region size 1024K, 113 young (115712K), 1 survivors (1024K)
 Metaspace       used 102566K, committed 103232K, reserved 1146880K
  class space    used 12507K, committed 12800K, reserved 1048576K
}
Event: 69.296 GC heap after
{Heap after GC invocations=55 (full 0):
 garbage-first heap   total 280576K, used 124352K [0x0000000080000000, 0x0000000100000000)
  region size 1024K, 9 young (9216K), 9 survivors (9216K)
 Metaspace       used 102566K, committed 103232K, reserved 1146880K
  class space    used 12507K, committed 12800K, reserved 1048576K
}
Event: 76.108 GC heap before
{Heap before GC invocations=55 (full 0):
 garbage-first heap   total 280576K, used 229824K [0x0000000080000000, 0x0000000100000000)
  region size 1024K, 112 young (114688K), 9 survivors (9216K)
 Metaspace       used 115691K, committed 116352K, reserved 1155072K
  class space    used 13860K, committed 14144K, reserved 1048576K
}
Event: 76.149 GC heap after
{Heap after GC invocations=56 (full 0):
 garbage-first heap   total 280576K, used 130363K [0x0000000080000000, 0x0000000100000000)
  region size 1024K, 5 young (5120K), 5 survivors (5120K)
 Metaspace       used 115691K, committed 116352K, reserved 1155072K
  class space    used 13860K, committed 14144K, reserved 1048576K
}
Event: 109.966 GC heap before
{Heap before GC invocations=56 (full 0):
 garbage-first heap   total 280576K, used 238907K [0x0000000080000000, 0x0000000100000000)
  region size 1024K, 104 young (106496K), 5 survivors (5120K)
 Metaspace       used 117396K, committed 118080K, reserved 1155072K
  class space    used 13970K, committed 14272K, reserved 1048576K
}
Event: 110.172 GC heap after
{Heap after GC invocations=57 (full 0):
 garbage-first heap   total 280576K, used 135484K [0x0000000080000000, 0x0000000100000000)
  region size 1024K, 4 young (4096K), 4 survivors (4096K)
 Metaspace       used 117396K, committed 118080K, reserved 1155072K
  class space    used 13970K, committed 14272K, reserved 1048576K
}
Event: 110.969 GC heap before
{Heap before GC invocations=57 (full 0):
 garbage-first heap   total 280576K, used 235836K [0x0000000080000000, 0x0000000100000000)
  region size 1024K, 102 young (104448K), 4 survivors (4096K)
 Metaspace       used 117398K, committed 118080K, reserved 1155072K
  class space    used 13970K, committed 14272K, reserved 1048576K
}
Event: 110.987 GC heap after
{Heap after GC invocations=58 (full 0):
 garbage-first heap   total 280576K, used 135879K [0x0000000080000000, 0x0000000100000000)
  region size 1024K, 5 young (5120K), 5 survivors (5120K)
 Metaspace       used 117398K, committed 118080K, reserved 1155072K
  class space    used 13970K, committed 14272K, reserved 1048576K
}
Event: 112.471 GC heap before
{Heap before GC invocations=58 (full 0):
 garbage-first heap   total 280576K, used 238279K [0x0000000080000000, 0x0000000100000000)
  region size 1024K, 105 young (107520K), 5 survivors (5120K)
 Metaspace       used 117400K, committed 118080K, reserved 1155072K
  class space    used 13970K, committed 14272K, reserved 1048576K
}
Event: 112.521 GC heap after
{Heap after GC invocations=59 (full 0):
 garbage-first heap   total 280576K, used 136259K [0x0000000080000000, 0x0000000100000000)
  region size 1024K, 5 young (5120K), 5 survivors (5120K)
 Metaspace       used 117400K, committed 118080K, reserved 1155072K
  class space    used 13970K, committed 14272K, reserved 1048576K
}
Event: 113.698 GC heap before
{Heap before GC invocations=59 (full 0):
 garbage-first heap   total 280576K, used 240707K [0x0000000080000000, 0x0000000100000000)
  region size 1024K, 107 young (109568K), 5 survivors (5120K)
 Metaspace       used 117400K, committed 118080K, reserved 1155072K
  class space    used 13970K, committed 14272K, reserved 1048576K
}
Event: 113.748 GC heap after
{Heap after GC invocations=60 (full 0):
 garbage-first heap   total 280576K, used 136508K [0x0000000080000000, 0x0000000100000000)
  region size 1024K, 5 young (5120K), 5 survivors (5120K)
 Metaspace       used 117400K, committed 118080K, reserved 1155072K
  class space    used 13970K, committed 14272K, reserved 1048576K
}
Event: 114.873 GC heap before
{Heap before GC invocations=60 (full 0):
 garbage-first heap   total 280576K, used 241980K [0x0000000080000000, 0x0000000100000000)
  region size 1024K, 108 young (110592K), 5 survivors (5120K)
 Metaspace       used 117401K, committed 118080K, reserved 1155072K
  class space    used 13970K, committed 14272K, reserved 1048576K
}
Event: 114.908 GC heap after
{Heap after GC invocations=61 (full 0):
 garbage-first heap   total 280576K, used 136983K [0x0000000080000000, 0x0000000100000000)
  region size 1024K, 6 young (6144K), 6 survivors (6144K)
 Metaspace       used 117401K, committed 118080K, reserved 1155072K
  class space    used 13970K, committed 14272K, reserved 1048576K
}
Event: 115.926 GC heap before
{Heap before GC invocations=61 (full 0):
 garbage-first heap   total 280576K, used 243479K [0x0000000080000000, 0x0000000100000000)
  region size 1024K, 110 young (112640K), 6 survivors (6144K)
 Metaspace       used 117402K, committed 118080K, reserved 1155072K
  class space    used 13970K, committed 14272K, reserved 1048576K
}

