# JRE version: OpenJDK Runtime Environment (17.0.6) (build 17.0.6+0-b2043.56-10027231)
# Java VM: OpenJDK 64-Bit Server VM (17.0.6+0-b2043.56-10027231, mixed mode, tiered, compressed oops, compressed class ptrs, g1 gc, windows-amd64)
GC Precious Log:
 CPUs: 2 total, 2 available
 Memory: 3737M
 Large Page Support: Disabled
 NUMA Support: Disabled
 Compressed Oops: Enabled (32-bit)
 Heap Region Size: 1M
 Heap Min Capacity: 8M
 Heap Initial Capacity: 60M
 Heap Max Capacity: 2G
 Pre-touch: Disabled
 Parallel Workers: 2
 Concurrent Workers: 1
 Concurrent Refinement Workers: 2
 Periodic GC: Disabled
Heap:
 garbage-first heap   total 224256K, used 184541K [0x0000000080000000, 0x0000000100000000)
  region size 1024K, 76 young (77824K), 1 survivors (1024K)
 Metaspace       used 101981K, committed 102592K, reserved 1138688K
  class space    used 13229K, committed 13504K, reserved 1048576K
GC Heap History (20 events):
Event: 31.076 GC heap before
{Heap before GC invocations=73 (full 0):
 garbage-first heap   total 183296K, used 157157K [0x0000000080000000, 0x0000000100000000)
  region size 1024K, 82 young (83968K), 7 survivors (7168K)
 Metaspace       used 53803K, committed 54336K, reserved 1097728K
  class space    used 6975K, committed 7232K, reserved 1048576K
}
Event: 31.085 GC heap after
{Heap after GC invocations=74 (full 0):
 garbage-first heap   total 183296K, used 81485K [0x0000000080000000, 0x0000000100000000)
  region size 1024K, 7 young (7168K), 7 survivors (7168K)
 Metaspace       used 53803K, committed 54336K, reserved 1097728K
  class space    used 6975K, committed 7232K, reserved 1048576K
}
Event: 31.640 GC heap before
{Heap before GC invocations=74 (full 0):
 garbage-first heap   total 183296K, used 158285K [0x0000000080000000, 0x0000000100000000)
  region size 1024K, 81 young (82944K), 7 survivors (7168K)
 Metaspace       used 53898K, committed 54400K, reserved 1097728K
  class space    used 6991K, committed 7232K, reserved 1048576K
}
Event: 31.648 GC heap after
{Heap after GC invocations=75 (full 0):
 garbage-first heap   total 220160K, used 74897K [0x0000000080000000, 0x0000000100000000)
  region size 1024K, 6 young (6144K), 6 survivors (6144K)
 Metaspace       used 53898K, committed 54400K, reserved 1097728K
  class space    used 6991K, committed 7232K, reserved 1048576K
}
Event: 33.110 GC heap before
{Heap before GC invocations=75 (full 0):
 garbage-first heap   total 220160K, used 196753K [0x0000000080000000, 0x0000000100000000)
  region size 1024K, 119 young (121856K), 6 survivors (6144K)
 Metaspace       used 53900K, committed 54400K, reserved 1097728K
  class space    used 6991K, committed 7232K, reserved 1048576K
}
Event: 33.116 GC heap after
{Heap after GC invocations=76 (full 0):
 garbage-first heap   total 220160K, used 74385K [0x0000000080000000, 0x0000000100000000)
  region size 1024K, 6 young (6144K), 6 survivors (6144K)
 Metaspace       used 53900K, committed 54400K, reserved 1097728K
  class space    used 6991K, committed 7232K, reserved 1048576K
}
Event: 33.766 GC heap before
{Heap before GC invocations=76 (full 0):
 garbage-first heap   total 220160K, used 190097K [0x0000000080000000, 0x0000000100000000)
  region size 1024K, 119 young (121856K), 6 survivors (6144K)
 Metaspace       used 53961K, committed 54464K, reserved 1097728K
  class space    used 6991K, committed 7232K, reserved 1048576K
}
Event: 33.771 GC heap after
{Heap after GC invocations=77 (full 0):
 garbage-first heap   total 220160K, used 74385K [0x0000000080000000, 0x0000000100000000)
  region size 1024K, 6 young (6144K), 6 survivors (6144K)
 Metaspace       used 53961K, committed 54464K, reserved 1097728K
  class space    used 6991K, committed 7232K, reserved 1048576K
}
Event: 36.978 GC heap before
{Heap before GC invocations=77 (full 0):
 garbage-first heap   total 220160K, used 194193K [0x0000000080000000, 0x0000000100000000)
  region size 1024K, 119 young (121856K), 6 survivors (6144K)
 Metaspace       used 69966K, committed 70592K, reserved 1114112K
  class space    used 9572K, committed 9856K, reserved 1048576K
}
Event: 36.993 GC heap after
{Heap after GC invocations=78 (full 0):
 garbage-first heap   total 220160K, used 82065K [0x0000000080000000, 0x0000000100000000)
  region size 1024K, 9 young (9216K), 9 survivors (9216K)
 Metaspace       used 69966K, committed 70592K, reserved 1114112K
  class space    used 9572K, committed 9856K, reserved 1048576K
}
Event: 39.517 GC heap before
{Heap before GC invocations=78 (full 0):
 garbage-first heap   total 220160K, used 201873K [0x0000000080000000, 0x0000000100000000)
  region size 1024K, 112 young (114688K), 9 survivors (9216K)
 Metaspace       used 78751K, committed 79296K, reserved 1122304K
  class space    used 10572K, committed 10816K, reserved 1048576K
}
Event: 39.574 GC heap after
{Heap after GC invocations=79 (full 0):
 garbage-first heap   total 224256K, used 101607K [0x0000000080000000, 0x0000000100000000)
  region size 1024K, 14 young (14336K), 14 survivors (14336K)
 Metaspace       used 78751K, committed 79296K, reserved 1122304K
  class space    used 10572K, committed 10816K, reserved 1048576K
}
Event: 42.128 GC heap before
{Heap before GC invocations=79 (full 0):
 garbage-first heap   total 224256K, used 185575K [0x0000000080000000, 0x0000000100000000)
  region size 1024K, 96 young (98304K), 14 survivors (14336K)
 Metaspace       used 89179K, committed 89728K, reserved 1130496K
  class space    used 11725K, committed 11968K, reserved 1048576K
}
Event: 42.173 GC heap after
{Heap after GC invocations=80 (full 0):
 garbage-first heap   total 224256K, used 107520K [0x0000000080000000, 0x0000000100000000)
  region size 1024K, 6 young (6144K), 6 survivors (6144K)
 Metaspace       used 89179K, committed 89728K, reserved 1130496K
  class space    used 11725K, committed 11968K, reserved 1048576K
}
Event: 42.425 GC heap before
{Heap before GC invocations=80 (full 0):
 garbage-first heap   total 224256K, used 114688K [0x0000000080000000, 0x0000000100000000)
  region size 1024K, 14 young (14336K), 6 survivors (6144K)
 Metaspace       used 90001K, committed 90560K, reserved 1130496K
  class space    used 11823K, committed 12096K, reserved 1048576K
}
Event: 42.449 GC heap after
{Heap after GC invocations=81 (full 0):
 garbage-first heap   total 224256K, used 108032K [0x0000000080000000, 0x0000000100000000)
  region size 1024K, 6 young (6144K), 6 survivors (6144K)
 Metaspace       used 90001K, committed 90560K, reserved 1130496K
  class space    used 11823K, committed 12096K, reserved 1048576K
}
Event: 44.461 GC heap before
{Heap before GC invocations=82 (full 0):
 garbage-first heap   total 224256K, used 186368K [0x0000000080000000, 0x0000000100000000)
  region size 1024K, 85 young (87040K), 6 survivors (6144K)
 Metaspace       used 93615K, committed 94208K, reserved 1138688K
  class space    used 12235K, committed 12480K, reserved 1048576K
}
Event: 44.489 GC heap after
{Heap after GC invocations=83 (full 0):
 garbage-first heap   total 224256K, used 109184K [0x0000000080000000, 0x0000000100000000)
  region size 1024K, 11 young (11264K), 11 survivors (11264K)
 Metaspace       used 93615K, committed 94208K, reserved 1138688K
  class space    used 12235K, committed 12480K, reserved 1048576K
}
Event: 44.543 GC heap before
{Heap before GC invocations=83 (full 0):
 garbage-first heap   total 224256K, used 110208K [0x0000000080000000, 0x0000000100000000)
  region size 1024K, 12 young (12288K), 11 survivors (11264K)
 Metaspace       used 93742K, committed 94336K, reserved 1138688K
  class space    used 12249K, committed 12480K, reserved 1048576K
}
Event: 44.562 GC heap after
{Heap after GC invocations=84 (full 0):
 garbage-first heap   total 224256K, used 108765K [0x0000000080000000, 0x0000000100000000)
  region size 1024K, 1 young (1024K), 1 survivors (1024K)
 Metaspace       used 93742K, committed 94336K, reserved 1138688K
  class space    used 12249K, committed 12480K, reserved 1048576K
}

